[debug] [2026-01-09T00:14:25.623Z] ----------------------------------------------------------------------
[debug] [2026-01-09T00:14:25.624Z] Command:       /usr/local/bin/node /home/navya/.npm/_npx/7750544ccf494d8b/node_modules/.bin/firebase emulators:start
[debug] [2026-01-09T00:14:25.624Z] CLI Version:   15.2.1
[debug] [2026-01-09T00:14:25.624Z] Platform:      linux
[debug] [2026-01-09T00:14:25.624Z] Node Version:  v22.17.0
[debug] [2026-01-09T00:14:25.624Z] Time:          Fri Jan 09 2026 05:44:25 GMT+0530 (India Standard Time)
[debug] [2026-01-09T00:14:25.624Z] ----------------------------------------------------------------------
[debug] 
[debug] [2026-01-09T00:14:26.025Z] > command requires scopes: ["email","openid","https://www.googleapis.com/auth/cloudplatformprojects.readonly","https://www.googleapis.com/auth/firebase","https://www.googleapis.com/auth/cloud-platform"]
[debug] [2026-01-09T00:14:26.026Z] > authorizing via signed-in user (navyasuvarna150@gmail.com)
[debug] [2026-01-09T00:14:26.054Z] openjdk version "21.0.9" 2025-10-21
OpenJDK Runtime Environment (build 21.0.9+10-Ubuntu-124.04)

[debug] [2026-01-09T00:14:26.054Z] OpenJDK 64-Bit Server VM (build 21.0.9+10-Ubuntu-124.04, mixed mode, sharing)

[debug] [2026-01-09T00:14:26.059Z] Parsed Java major version: 21
[info] i  emulators: Starting emulators: functions, firestore, extensions {"metadata":{"emulator":{"name":"hub"},"message":"Starting emulators: functions, firestore, extensions"}}
[debug] [2026-01-09T00:14:26.061Z] Checked if tokens are valid: true, expires at: 1767920676632
[debug] [2026-01-09T00:14:26.061Z] Checked if tokens are valid: true, expires at: 1767920676632
[debug] [2026-01-09T00:14:26.062Z] >>> [apiv2][query] GET https://cloudresourcemanager.googleapis.com/v1/projects/autonomous-ai-pharmacy [none]
[debug] [2026-01-09T00:14:27.656Z] <<< [apiv2][status] GET https://cloudresourcemanager.googleapis.com/v1/projects/autonomous-ai-pharmacy 200
[debug] [2026-01-09T00:14:27.656Z] <<< [apiv2][body] GET https://cloudresourcemanager.googleapis.com/v1/projects/autonomous-ai-pharmacy {"projectNumber":"783096053930","projectId":"autonomous-ai-pharmacy","lifecycleState":"ACTIVE","name":"autonomous-ai-pharmacy","labels":{"firebase":"enabled","firebase-core":"disabled"},"createTime":"2026-01-07T05:59:01.152684Z"}
[debug] [2026-01-09T00:14:27.659Z] [logging] Logging Emulator only supports listening on one address (127.0.0.1). Not listening on ::1
[debug] [2026-01-09T00:14:27.659Z] [firestore] Firestore Emulator only supports listening on one address (127.0.0.1). Not listening on ::1
[debug] [2026-01-09T00:14:27.659Z] [firestore.websocket] websocket server for firestore only supports listening on one address (127.0.0.1). Not listening on ::1
[debug] [2026-01-09T00:14:27.659Z] assigned listening specs for emulators {"user":{"hub":[{"address":"127.0.0.1","family":"IPv4","port":4400},{"address":"::1","family":"IPv6","port":4400}],"ui":[{"address":"127.0.0.1","family":"IPv4","port":4000},{"address":"::1","family":"IPv6","port":4000}],"logging":[{"address":"127.0.0.1","family":"IPv4","port":4500}],"firestore":[{"address":"127.0.0.1","family":"IPv4","port":8080}],"firestore.websocket":[{"address":"127.0.0.1","family":"IPv4","port":9150}]},"metadata":{"message":"assigned listening specs for emulators"}}
[debug] [2026-01-09T00:14:27.662Z] Write emulator hub locator at /tmp/hub-autonomous-ai-pharmacy.json
[debug] [2026-01-09T00:14:27.665Z] [Extensions] Started Extensions emulator, this is a noop.
[debug] [2026-01-09T00:14:27.666Z] [functions] Functions Emulator only supports listening on one address (127.0.0.1). Not listening on ::1
[debug] [2026-01-09T00:14:27.666Z] [eventarc] Eventarc Emulator only supports listening on one address (127.0.0.1). Not listening on ::1
[debug] [2026-01-09T00:14:27.666Z] [tasks] Cloud Tasks Emulator only supports listening on one address (127.0.0.1). Not listening on ::1
[debug] [2026-01-09T00:14:27.666Z] late-assigned ports for functions and eventarc emulators {"user":{"hub":[{"address":"127.0.0.1","family":"IPv4","port":4400},{"address":"::1","family":"IPv6","port":4400}],"ui":[{"address":"127.0.0.1","family":"IPv4","port":4000},{"address":"::1","family":"IPv6","port":4000}],"logging":[{"address":"127.0.0.1","family":"IPv4","port":4500}],"firestore":[{"address":"127.0.0.1","family":"IPv4","port":8080}],"firestore.websocket":[{"address":"127.0.0.1","family":"IPv4","port":9150}],"functions":[{"address":"127.0.0.1","family":"IPv4","port":5001}],"eventarc":[{"address":"127.0.0.1","family":"IPv4","port":9299}],"tasks":[{"address":"127.0.0.1","family":"IPv4","port":9499}]},"metadata":{"message":"late-assigned ports for functions and eventarc emulators"}}
[warn] ⚠  functions: The following emulators are not running, calls to these services from the Functions emulator will affect production: apphosting, auth, database, hosting, pubsub, storage, dataconnect {"metadata":{"emulator":{"name":"functions"},"message":"The following emulators are not running, calls to these services from the Functions emulator will affect production: \u001b[1mapphosting, auth, database, hosting, pubsub, storage, dataconnect\u001b[22m"}}
[debug] [2026-01-09T00:14:27.685Z] defaultcredentials: writing to file /home/navya/.config/firebase/navyasuvarna150_gmail_com_application_default_credentials.json
[debug] [2026-01-09T00:14:27.686Z] Setting GAC to /home/navya/.config/firebase/navyasuvarna150_gmail_com_application_default_credentials.json {"metadata":{"emulator":{"name":"functions"},"message":"Setting GAC to /home/navya/.config/firebase/navyasuvarna150_gmail_com_application_default_credentials.json"}}
[debug] [2026-01-09T00:14:27.686Z] Checked if tokens are valid: true, expires at: 1767920676632
[debug] [2026-01-09T00:14:27.686Z] Checked if tokens are valid: true, expires at: 1767920676632
[debug] [2026-01-09T00:14:27.686Z] >>> [apiv2][query] GET https://firebase.googleapis.com/v1beta1/projects/autonomous-ai-pharmacy/adminSdkConfig [none]
[debug] [2026-01-09T00:14:28.485Z] <<< [apiv2][status] GET https://firebase.googleapis.com/v1beta1/projects/autonomous-ai-pharmacy/adminSdkConfig 200
[debug] [2026-01-09T00:14:28.486Z] <<< [apiv2][body] GET https://firebase.googleapis.com/v1beta1/projects/autonomous-ai-pharmacy/adminSdkConfig {"projectId":"autonomous-ai-pharmacy","storageBucket":"autonomous-ai-pharmacy.firebasestorage.app"}
[debug] [2026-01-09T00:14:28.507Z] Ignoring unsupported arg: auto_download {"metadata":{"emulator":{"name":"firestore"},"message":"Ignoring unsupported arg: auto_download"}}
[debug] [2026-01-09T00:14:28.507Z] Ignoring unsupported arg: single_project_mode_error {"metadata":{"emulator":{"name":"firestore"},"message":"Ignoring unsupported arg: single_project_mode_error"}}
[debug] [2026-01-09T00:14:28.507Z] Starting Firestore Emulator with command {"binary":"java","args":["-Dgoogle.cloud_firestore.debug_log_level=FINE","-Duser.language=en","-jar","/home/navya/.cache/firebase/emulators/cloud-firestore-emulator-v1.20.2.jar","--host","127.0.0.1","--port",8080,"--websocket_port",9150,"--project_id","autonomous-ai-pharmacy","--rules","/home/navya/workspace/dev/Frontend-Mentor/winter/pharmacy/firestore.rules","--single_project_mode",true,"--functions_emulator","127.0.0.1:5001"],"optionalArgs":["port","webchannel_port","host","rules","websocket_port","functions_emulator","seed_from_export","project_id","single_project_mode"],"joinArgs":false,"shell":false,"port":8080} {"metadata":{"emulator":{"name":"firestore"},"message":"Starting Firestore Emulator with command {\"binary\":\"java\",\"args\":[\"-Dgoogle.cloud_firestore.debug_log_level=FINE\",\"-Duser.language=en\",\"-jar\",\"/home/navya/.cache/firebase/emulators/cloud-firestore-emulator-v1.20.2.jar\",\"--host\",\"127.0.0.1\",\"--port\",8080,\"--websocket_port\",9150,\"--project_id\",\"autonomous-ai-pharmacy\",\"--rules\",\"/home/navya/workspace/dev/Frontend-Mentor/winter/pharmacy/firestore.rules\",\"--single_project_mode\",true,\"--functions_emulator\",\"127.0.0.1:5001\"],\"optionalArgs\":[\"port\",\"webchannel_port\",\"host\",\"rules\",\"websocket_port\",\"functions_emulator\",\"seed_from_export\",\"project_id\",\"single_project_mode\"],\"joinArgs\":false,\"shell\":false,\"port\":8080}"}}
[info] i  firestore: Firestore Emulator logging to firestore-debug.log {"metadata":{"emulator":{"name":"firestore"},"message":"Firestore Emulator logging to \u001b[1mfirestore-debug.log\u001b[22m"}}
[debug] [2026-01-09T00:14:29.048Z] Jan 09, 2026 5:44:29 AM com.google.cloud.datastore.emulator.firestore.websocket.WebSocketServer start
INFO: Started WebSocket server on ws://127.0.0.1:9150
 {"metadata":{"emulator":{"name":"firestore"},"message":"Jan 09, 2026 5:44:29 AM com.google.cloud.datastore.emulator.firestore.websocket.WebSocketServer start\nINFO: Started WebSocket server on ws://127.0.0.1:9150\n"}}
[debug] [2026-01-09T00:14:29.071Z] API endpoint: http://127.0.0.1:8080 {"metadata":{"emulator":{"name":"firestore"},"message":"API endpoint: http://127.0.0.1:8080"}}
[debug] [2026-01-09T00:14:29.071Z] 
If you are using a library that supports the FIRESTORE_EMULATOR_HOST environment variable, run:

   export FIRESTORE_EMULATOR_HOST=127.0.0.1:8080

If you are running a Firestore in Datastore Mode project, run:

   export DATASTORE_EMULATOR_HOST=127.0.0.1:8080

Note: Support for Datastore Mode is in preview. If you encounter any bugs please file at https://github.com/firebase/firebase-tools/issues.
Dev App Server is now running.

 {"metadata":{"emulator":{"name":"firestore"},"message":"\nIf you are using a library that supports the FIRESTORE_EMULATOR_HOST environment variable, run:\n\n   export FIRESTORE_EMULATOR_HOST=127.0.0.1:8080\n\nIf you are running a Firestore in Datastore Mode project, run:\n\n   export DATASTORE_EMULATOR_HOST=127.0.0.1:8080\n\nNote: Support for Datastore Mode is in preview. If you encounter any bugs please file at https://github.com/firebase/firebase-tools/issues.\nDev App Server is now running.\n\n"}}
[info] ✔  firestore: Firestore Emulator UI websocket is running on 9150. {"metadata":{"emulator":{"name":"firestore"},"message":"Firestore Emulator UI websocket is running on 9150."}}
[debug] [2026-01-09T00:14:29.119Z] [Extensions] Connecting Extensions emulator, this is a noop.
[info] i  functions: Watching "/home/navya/workspace/dev/Frontend-Mentor/winter/pharmacy/firebase_functions" for Cloud Functions... {"metadata":{"emulator":{"name":"functions"},"message":"Watching \"/home/navya/workspace/dev/Frontend-Mentor/winter/pharmacy/firebase_functions\" for Cloud Functions..."}}
[debug] [2026-01-09T00:14:29.126Z] Validating nodejs source
[warn] ⚠  functions: package.json indicates an outdated version of firebase-functions. Please upgrade using npm install --save firebase-functions@latest in your functions directory. 
[debug] [2026-01-09T00:14:30.037Z] > [functions] package.json contents: {
  "name": "firebase_functions",
  "version": "1.0.0",
  "main": "index.js",
  "scripts": {
    "test": "echo \"Error: no test specified\" && exit 1"
  },
  "keywords": [],
  "author": "",
  "license": "ISC",
  "description": "",
  "dependencies": {
    "firebase-admin": "^13.6.0",
    "firebase-functions": "^7.0.2"
  }
}
[debug] [2026-01-09T00:14:30.037Z] Building nodejs source
[debug] [2026-01-09T00:14:30.038Z] Failed to find version of module node: reached end of search path /home/navya/workspace/dev/Frontend-Mentor/winter/pharmacy/firebase_functions/node_modules
[info] ✔  functions: Using node@22 from host. 
[debug] [2026-01-09T00:14:30.039Z] Could not find functions.yaml. Must use http discovery
[debug] [2026-01-09T00:14:30.040Z] Found firebase-functions binary at '/home/navya/workspace/dev/Frontend-Mentor/winter/pharmacy/firebase_functions/node_modules/.bin/firebase-functions'
[info] Serving at port 8249

[debug] [2026-01-09T00:14:30.218Z] Got response from /__/functions.yaml {"endpoints":{"placeOrder":{"availableMemoryMb":null,"timeoutSeconds":null,"minInstances":null,"maxInstances":null,"ingressSettings":null,"concurrency":null,"serviceAccountEmail":null,"vpc":null,"platform":"gcfv2","labels":{},"httpsTrigger":{},"entryPoint":"placeOrder"}},"specVersion":"v1alpha1","requiredAPIs":[],"extensions":{}}
[debug] [2026-01-09T00:14:34.236Z] defaultcredentials: writing to file /home/navya/.config/firebase/navyasuvarna150_gmail_com_application_default_credentials.json
[debug] [2026-01-09T00:14:34.237Z] Setting GAC to /home/navya/.config/firebase/navyasuvarna150_gmail_com_application_default_credentials.json {"metadata":{"emulator":{"name":"functions"},"message":"Setting GAC to /home/navya/.config/firebase/navyasuvarna150_gmail_com_application_default_credentials.json"}}
[info] ✔  functions: Loaded functions definitions from source: placeOrder. {"metadata":{"emulator":{"name":"functions"},"message":"Loaded functions definitions from source: placeOrder."}}
[info] ✔  functions[us-central1-placeOrder]: http function initialized (http://127.0.0.1:5001/autonomous-ai-pharmacy/us-central1/placeOrder). {"metadata":{"emulator":{"name":"functions"},"message":"\u001b[1mhttp\u001b[22m function initialized (http://127.0.0.1:5001/autonomous-ai-pharmacy/us-central1/placeOrder)."}}
[debug] [2026-01-09T00:14:34.246Z] Could not find VSCode notification endpoint: FetchError: request to http://localhost:40001/vscode/notify failed, reason: connect ECONNREFUSED 127.0.0.1:40001. If you are not running the Firebase Data Connect VSCode extension, this is expected and not an issue.
[info] 
┌─────────────────────────────────────────────────────────────┐
│ ✔  All emulators ready! It is now safe to connect your app. │
│ i  View Emulator UI at http://127.0.0.1:4000/               │
└─────────────────────────────────────────────────────────────┘

┌────────────┬────────────────┬──────────────────────────────────┐
│ Emulator   │ Host:Port      │ View in Emulator UI              │
├────────────┼────────────────┼──────────────────────────────────┤
│ Functions  │ 127.0.0.1:5001 │ http://127.0.0.1:4000/functions  │
├────────────┼────────────────┼──────────────────────────────────┤
│ Firestore  │ 127.0.0.1:8080 │ http://127.0.0.1:4000/firestore  │
├────────────┼────────────────┼──────────────────────────────────┤
│ Extensions │ 127.0.0.1:5001 │ http://127.0.0.1:4000/extensions │
└────────────┴────────────────┴──────────────────────────────────┘
  Emulator Hub host: 127.0.0.1 port: 4400
  Other reserved ports: 4500, 9150
┌─────────────────────────┬───────────────┬─────────────────────┐
│ Extension Instance Name │ Extension Ref │ View in Emulator UI │
└─────────────────────────┴───────────────┴─────────────────────┘
Issues? Report them at https://github.com/firebase/firebase-tools/issues and attach the *-debug.log files.
 
[debug] [2026-01-09T00:14:49.171Z] [work-queue] {"queuedWork":["/autonomous-ai-pharmacy/us-central1/placeOrder-2026-01-09T00:14:49.171Z"],"queueLength":1,"runningWork":[],"workRunningCount":0}
[debug] [2026-01-09T00:14:49.171Z] [work-queue] {"queuedWork":[],"queueLength":0,"runningWork":["/autonomous-ai-pharmacy/us-central1/placeOrder-2026-01-09T00:14:49.171Z"],"workRunningCount":1}
[debug] [2026-01-09T00:14:49.172Z] Accepted request POST /autonomous-ai-pharmacy/us-central1/placeOrder --> us-central1-placeOrder
[debug] [2026-01-09T00:14:49.175Z] [functions] Runtime ready! Sending request! {"metadata":{"emulator":{"name":"functions"},"message":"[functions] Runtime ready! Sending request!"}}
[debug] [2026-01-09T00:14:49.176Z] [functions] Got req.url=/autonomous-ai-pharmacy/us-central1/placeOrder, mapping to path=/ {"metadata":{"emulator":{"name":"functions"},"message":"[functions] Got req.url=/autonomous-ai-pharmacy/us-central1/placeOrder, mapping to path=/"}}
[debug] [2026-01-09T00:14:49.186Z] [worker-pool] addWorker(us-central1-placeOrder) {"metadata":{"emulator":{"name":"functions"},"message":"[worker-pool] addWorker(us-central1-placeOrder)"}}
[debug] [2026-01-09T00:14:49.187Z] [worker-pool] Adding worker with key us-central1-placeOrder, total=1 {"metadata":{"emulator":{"name":"functions"},"message":"[worker-pool] Adding worker with key us-central1-placeOrder, total=1"}}
[debug] [2026-01-09T00:14:49.493Z] [runtime-status] [55142] Resolved module firebase-admin {"declared":true,"installed":true,"version":"13.6.0","resolution":"/home/navya/workspace/dev/Frontend-Mentor/winter/pharmacy/firebase_functions/node_modules/firebase-admin/lib/index.js"} {"metadata":{"emulator":{"name":"functions"},"function":{"name":"us-central1-placeOrder"},"extension":{},"message":"[runtime-status] [55142] Resolved module firebase-admin {\"declared\":true,\"installed\":true,\"version\":\"13.6.0\",\"resolution\":\"/home/navya/workspace/dev/Frontend-Mentor/winter/pharmacy/firebase_functions/node_modules/firebase-admin/lib/index.js\"}"}}
[debug] [2026-01-09T00:14:49.493Z] [runtime-status] [55142] Resolved module firebase-functions {"declared":true,"installed":true,"version":"7.0.2","resolution":"/home/navya/workspace/dev/Frontend-Mentor/winter/pharmacy/firebase_functions/node_modules/firebase-functions/lib/v2/index.js"} {"metadata":{"emulator":{"name":"functions"},"function":{"name":"us-central1-placeOrder"},"extension":{},"message":"[runtime-status] [55142] Resolved module firebase-functions {\"declared\":true,\"installed\":true,\"version\":\"7.0.2\",\"resolution\":\"/home/navya/workspace/dev/Frontend-Mentor/winter/pharmacy/firebase_functions/node_modules/firebase-functions/lib/v2/index.js\"}"}}
[debug] [2026-01-09T00:14:49.493Z] [runtime-status] [55142] Outgoing network have been stubbed. [{"name":"http","status":"mocked"},{"name":"http","status":"mocked"},{"name":"https","status":"mocked"},{"name":"https","status":"mocked"},{"name":"net","status":"mocked"}] {"metadata":{"emulator":{"name":"functions"},"function":{"name":"us-central1-placeOrder"},"extension":{},"message":"[runtime-status] [55142] Outgoing network have been stubbed. [{\"name\":\"http\",\"status\":\"mocked\"},{\"name\":\"http\",\"status\":\"mocked\"},{\"name\":\"https\",\"status\":\"mocked\"},{\"name\":\"https\",\"status\":\"mocked\"},{\"name\":\"net\",\"status\":\"mocked\"}]"}}
[debug] [2026-01-09T00:14:49.493Z] [runtime-status] [55142] Resolved module firebase-functions {"declared":true,"installed":true,"version":"7.0.2","resolution":"/home/navya/workspace/dev/Frontend-Mentor/winter/pharmacy/firebase_functions/node_modules/firebase-functions/lib/v2/index.js"} {"metadata":{"emulator":{"name":"functions"},"function":{"name":"us-central1-placeOrder"},"extension":{},"message":"[runtime-status] [55142] Resolved module firebase-functions {\"declared\":true,\"installed\":true,\"version\":\"7.0.2\",\"resolution\":\"/home/navya/workspace/dev/Frontend-Mentor/winter/pharmacy/firebase_functions/node_modules/firebase-functions/lib/v2/index.js\"}"}}
[debug] [2026-01-09T00:14:49.493Z] [runtime-status] [55142] Detected firebase-functions v7+, skipping legacy stubs. {"metadata":{"emulator":{"name":"functions"},"function":{"name":"us-central1-placeOrder"},"extension":{},"message":"[runtime-status] [55142] Detected firebase-functions v7+, skipping legacy stubs."}}
[debug] [2026-01-09T00:14:49.494Z] [runtime-status] [55142] Resolved module firebase-admin {"declared":true,"installed":true,"version":"13.6.0","resolution":"/home/navya/workspace/dev/Frontend-Mentor/winter/pharmacy/firebase_functions/node_modules/firebase-admin/lib/index.js"} {"metadata":{"emulator":{"name":"functions"},"function":{"name":"us-central1-placeOrder"},"extension":{},"message":"[runtime-status] [55142] Resolved module firebase-admin {\"declared\":true,\"installed\":true,\"version\":\"13.6.0\",\"resolution\":\"/home/navya/workspace/dev/Frontend-Mentor/winter/pharmacy/firebase_functions/node_modules/firebase-admin/lib/index.js\"}"}}
[debug] [2026-01-09T00:14:49.513Z] [runtime-status] [55142] Resolved module firebase-functions {"declared":true,"installed":true,"version":"7.0.2","resolution":"/home/navya/workspace/dev/Frontend-Mentor/winter/pharmacy/firebase_functions/node_modules/firebase-functions/lib/v2/index.js"} {"metadata":{"emulator":{"name":"functions"},"function":{"name":"us-central1-placeOrder"},"extension":{},"message":"[runtime-status] [55142] Resolved module firebase-functions {\"declared\":true,\"installed\":true,\"version\":\"7.0.2\",\"resolution\":\"/home/navya/workspace/dev/Frontend-Mentor/winter/pharmacy/firebase_functions/node_modules/firebase-functions/lib/v2/index.js\"}"}}
[debug] [2026-01-09T00:14:49.599Z] [runtime-status] [55142] firebase-admin has been stubbed. {"adminResolution":{"declared":true,"installed":true,"version":"13.6.0","resolution":"/home/navya/workspace/dev/Frontend-Mentor/winter/pharmacy/firebase_functions/node_modules/firebase-admin/lib/index.js"}} {"metadata":{"emulator":{"name":"functions"},"function":{"name":"us-central1-placeOrder"},"extension":{},"message":"[runtime-status] [55142] firebase-admin has been stubbed. {\"adminResolution\":{\"declared\":true,\"installed\":true,\"version\":\"13.6.0\",\"resolution\":\"/home/navya/workspace/dev/Frontend-Mentor/winter/pharmacy/firebase_functions/node_modules/firebase-admin/lib/index.js\"}}"}}
[debug] [2026-01-09T00:14:49.600Z] [runtime-status] [55142] initializeApp(DEFAULT) {"storageBucket":"autonomous-ai-pharmacy.firebasestorage.app","projectId":"autonomous-ai-pharmacy"} {"metadata":{"emulator":{"name":"functions"},"function":{"name":"us-central1-placeOrder"},"extension":{},"message":"[runtime-status] [55142] initializeApp(DEFAULT) {\"storageBucket\":\"autonomous-ai-pharmacy.firebasestorage.app\",\"projectId\":\"autonomous-ai-pharmacy\"}"}}
[debug] [2026-01-09T00:14:49.603Z] [runtime-status] [55142] Functions runtime initialized. {"cwd":"/home/navya/workspace/dev/Frontend-Mentor/winter/pharmacy/firebase_functions","node_version":"22.17.0"} {"metadata":{"emulator":{"name":"functions"},"function":{"name":"us-central1-placeOrder"},"extension":{},"message":"[runtime-status] [55142] Functions runtime initialized. {\"cwd\":\"/home/navya/workspace/dev/Frontend-Mentor/winter/pharmacy/firebase_functions\",\"node_version\":\"22.17.0\"}"}}
[debug] [2026-01-09T00:14:49.603Z] [runtime-status] [55142] Listening to port: /tmp/fire_emu_f0049d609e744187.sock {"metadata":{"emulator":{"name":"functions"},"function":{"name":"us-central1-placeOrder"},"extension":{},"message":"[runtime-status] [55142] Listening to port: /tmp/fire_emu_f0049d609e744187.sock"}}
[debug] [2026-01-09T00:14:49.702Z] [worker-us-central1-placeOrder-f1349b5f-c19e-49b7-b726-c19a0c1cbc37]: IDLE {"metadata":{"emulator":{"name":"functions"},"function":{"name":"us-central1-placeOrder"},"extension":{},"message":"[worker-us-central1-placeOrder-f1349b5f-c19e-49b7-b726-c19a0c1cbc37]: IDLE"}}
[debug] [2026-01-09T00:14:49.702Z] [worker-pool] submitRequest(triggerId=us-central1-placeOrder) {"metadata":{"emulator":{"name":"functions"},"message":"[worker-pool] submitRequest(triggerId=us-central1-placeOrder)"}}
[info] i  functions: Beginning execution of "us-central1-placeOrder" {"metadata":{"emulator":{"name":"functions"},"function":{"name":"us-central1-placeOrder"},"extension":{},"message":"Beginning execution of \"us-central1-placeOrder\""}}
[debug] [2026-01-09T00:14:49.703Z] [worker-us-central1-placeOrder-f1349b5f-c19e-49b7-b726-c19a0c1cbc37]: BUSY {"metadata":{"emulator":{"name":"functions"},"function":{"name":"us-central1-placeOrder"},"extension":{},"message":"[worker-us-central1-placeOrder-f1349b5f-c19e-49b7-b726-c19a0c1cbc37]: BUSY"}}
[info] >  STEP 1: method = POST {"user":"STEP 1: method = POST","metadata":{"emulator":{"name":"functions"},"function":{"name":"us-central1-placeOrder"},"extension":{},"message":"\u001b[90m> \u001b[39m STEP 1: method = POST"}}
[info] >  STEP 2: raw body = { {"user":"STEP 2: raw body = {","metadata":{"emulator":{"name":"functions"},"function":{"name":"us-central1-placeOrder"},"extension":{},"message":"\u001b[90m> \u001b[39m STEP 2: raw body = {"}}
[info] >    user_id: 'U001', {"user":"  user_id: 'U001',","metadata":{"emulator":{"name":"functions"},"function":{"name":"us-central1-placeOrder"},"extension":{},"message":"\u001b[90m> \u001b[39m   user_id: 'U001',"}}
[info] >    medicine: { {"user":"  medicine: {","metadata":{"emulator":{"name":"functions"},"function":{"name":"us-central1-placeOrder"},"extension":{},"message":"\u001b[90m> \u001b[39m   medicine: {"}}
[info] >      medicine_id: 'MED001', {"user":"    medicine_id: 'MED001',","metadata":{"emulator":{"name":"functions"},"function":{"name":"us-central1-placeOrder"},"extension":{},"message":"\u001b[90m> \u001b[39m     medicine_id: 'MED001',"}}
[info] >      prescription_required: false, {"user":"    prescription_required: false,","metadata":{"emulator":{"name":"functions"},"function":{"name":"us-central1-placeOrder"},"extension":{},"message":"\u001b[90m> \u001b[39m     prescription_required: false,"}}
[info] >      stock_quantity: 100 {"user":"    stock_quantity: 100","metadata":{"emulator":{"name":"functions"},"function":{"name":"us-central1-placeOrder"},"extension":{},"message":"\u001b[90m> \u001b[39m     stock_quantity: 100"}}
[info] >    }, {"user":"  },","metadata":{"emulator":{"name":"functions"},"function":{"name":"us-central1-placeOrder"},"extension":{},"message":"\u001b[90m> \u001b[39m   },"}}
[info] >    quantity: 5, {"user":"  quantity: 5,","metadata":{"emulator":{"name":"functions"},"function":{"name":"us-central1-placeOrder"},"extension":{},"message":"\u001b[90m> \u001b[39m   quantity: 5,"}}
[info] >    dosage: 1, {"user":"  dosage: 1,","metadata":{"emulator":{"name":"functions"},"function":{"name":"us-central1-placeOrder"},"extension":{},"message":"\u001b[90m> \u001b[39m   dosage: 1,"}}
[info] >    prescription_provided: false {"user":"  prescription_provided: false","metadata":{"emulator":{"name":"functions"},"function":{"name":"us-central1-placeOrder"},"extension":{},"message":"\u001b[90m> \u001b[39m   prescription_provided: false"}}
[info] >  } {"user":"}","metadata":{"emulator":{"name":"functions"},"function":{"name":"us-central1-placeOrder"},"extension":{},"message":"\u001b[90m> \u001b[39m }"}}
[info] >  STEP 3: order parsed = { {"user":"STEP 3: order parsed = {","metadata":{"emulator":{"name":"functions"},"function":{"name":"us-central1-placeOrder"},"extension":{},"message":"\u001b[90m> \u001b[39m STEP 3: order parsed = {"}}
[info] >    user_id: 'U001', {"user":"  user_id: 'U001',","metadata":{"emulator":{"name":"functions"},"function":{"name":"us-central1-placeOrder"},"extension":{},"message":"\u001b[90m> \u001b[39m   user_id: 'U001',"}}
[info] >    medicine: { {"user":"  medicine: {","metadata":{"emulator":{"name":"functions"},"function":{"name":"us-central1-placeOrder"},"extension":{},"message":"\u001b[90m> \u001b[39m   medicine: {"}}
[info] >      medicine_id: 'MED001', {"user":"    medicine_id: 'MED001',","metadata":{"emulator":{"name":"functions"},"function":{"name":"us-central1-placeOrder"},"extension":{},"message":"\u001b[90m> \u001b[39m     medicine_id: 'MED001',"}}
[info] >      prescription_required: false, {"user":"    prescription_required: false,","metadata":{"emulator":{"name":"functions"},"function":{"name":"us-central1-placeOrder"},"extension":{},"message":"\u001b[90m> \u001b[39m     prescription_required: false,"}}
[info] >      stock_quantity: 100 {"user":"    stock_quantity: 100","metadata":{"emulator":{"name":"functions"},"function":{"name":"us-central1-placeOrder"},"extension":{},"message":"\u001b[90m> \u001b[39m     stock_quantity: 100"}}
[info] >    }, {"user":"  },","metadata":{"emulator":{"name":"functions"},"function":{"name":"us-central1-placeOrder"},"extension":{},"message":"\u001b[90m> \u001b[39m   },"}}
[info] >    quantity: 5, {"user":"  quantity: 5,","metadata":{"emulator":{"name":"functions"},"function":{"name":"us-central1-placeOrder"},"extension":{},"message":"\u001b[90m> \u001b[39m   quantity: 5,"}}
[info] >    dosage: 1, {"user":"  dosage: 1,","metadata":{"emulator":{"name":"functions"},"function":{"name":"us-central1-placeOrder"},"extension":{},"message":"\u001b[90m> \u001b[39m   dosage: 1,"}}
[info] >    prescription_provided: false {"user":"  prescription_provided: false","metadata":{"emulator":{"name":"functions"},"function":{"name":"us-central1-placeOrder"},"extension":{},"message":"\u001b[90m> \u001b[39m   prescription_provided: false"}}
[info] >  } {"user":"}","metadata":{"emulator":{"name":"functions"},"function":{"name":"us-central1-placeOrder"},"extension":{},"message":"\u001b[90m> \u001b[39m }"}}
[info] >  ❌ RUNTIME ERROR: TypeError: validateOrderLogic is not a function {"user":"❌ RUNTIME ERROR: TypeError: validateOrderLogic is not a function","metadata":{"emulator":{"name":"functions"},"function":{"name":"us-central1-placeOrder"},"extension":{},"message":"\u001b[90m> \u001b[39m ❌ RUNTIME ERROR: TypeError: validateOrderLogic is not a function"}}
[info] >      at /home/navya/workspace/dev/Frontend-Mentor/winter/pharmacy/firebase_functions/placeOrder.js:27:22 {"user":"    at /home/navya/workspace/dev/Frontend-Mentor/winter/pharmacy/firebase_functions/placeOrder.js:27:22","metadata":{"emulator":{"name":"functions"},"function":{"name":"us-central1-placeOrder"},"extension":{},"message":"\u001b[90m> \u001b[39m     at /home/navya/workspace/dev/Frontend-Mentor/winter/pharmacy/firebase_functions/placeOrder.js:27:22"}}
[info] >      at /home/navya/workspace/dev/Frontend-Mentor/winter/pharmacy/firebase_functions/node_modules/firebase-functions/lib/common/providers/https.js:566:10 {"user":"    at /home/navya/workspace/dev/Frontend-Mentor/winter/pharmacy/firebase_functions/node_modules/firebase-functions/lib/common/providers/https.js:566:10","metadata":{"emulator":{"name":"functions"},"function":{"name":"us-central1-placeOrder"},"extension":{},"message":"\u001b[90m> \u001b[39m     at /home/navya/workspace/dev/Frontend-Mentor/winter/pharmacy/firebase_functions/node_modules/firebase-functions/lib/common/providers/https.js:566:10"}}
[info] >      at /home/navya/workspace/dev/Frontend-Mentor/winter/pharmacy/firebase_functions/node_modules/firebase-functions/lib/v2/providers/https.js:67:14 {"user":"    at /home/navya/workspace/dev/Frontend-Mentor/winter/pharmacy/firebase_functions/node_modules/firebase-functions/lib/v2/providers/https.js:67:14","metadata":{"emulator":{"name":"functions"},"function":{"name":"us-central1-placeOrder"},"extension":{},"message":"\u001b[90m> \u001b[39m     at /home/navya/workspace/dev/Frontend-Mentor/winter/pharmacy/firebase_functions/node_modules/firebase-functions/lib/v2/providers/https.js:67:14"}}
[info] >      at cors (/home/navya/workspace/dev/Frontend-Mentor/winter/pharmacy/firebase_functions/node_modules/cors/lib/index.js:188:7) {"user":"    at cors (/home/navya/workspace/dev/Frontend-Mentor/winter/pharmacy/firebase_functions/node_modules/cors/lib/index.js:188:7)","metadata":{"emulator":{"name":"functions"},"function":{"name":"us-central1-placeOrder"},"extension":{},"message":"\u001b[90m> \u001b[39m     at cors (/home/navya/workspace/dev/Frontend-Mentor/winter/pharmacy/firebase_functions/node_modules/cors/lib/index.js:188:7)"}}
[info] >      at /home/navya/workspace/dev/Frontend-Mentor/winter/pharmacy/firebase_functions/node_modules/cors/lib/index.js:224:17 {"user":"    at /home/navya/workspace/dev/Frontend-Mentor/winter/pharmacy/firebase_functions/node_modules/cors/lib/index.js:224:17","metadata":{"emulator":{"name":"functions"},"function":{"name":"us-central1-placeOrder"},"extension":{},"message":"\u001b[90m> \u001b[39m     at /home/navya/workspace/dev/Frontend-Mentor/winter/pharmacy/firebase_functions/node_modules/cors/lib/index.js:224:17"}}
[info] >      at originCallback (/home/navya/workspace/dev/Frontend-Mentor/winter/pharmacy/firebase_functions/node_modules/cors/lib/index.js:214:15) {"user":"    at originCallback (/home/navya/workspace/dev/Frontend-Mentor/winter/pharmacy/firebase_functions/node_modules/cors/lib/index.js:214:15)","metadata":{"emulator":{"name":"functions"},"function":{"name":"us-central1-placeOrder"},"extension":{},"message":"\u001b[90m> \u001b[39m     at originCallback (/home/navya/workspace/dev/Frontend-Mentor/winter/pharmacy/firebase_functions/node_modules/cors/lib/index.js:214:15)"}}
[info] >      at /home/navya/workspace/dev/Frontend-Mentor/winter/pharmacy/firebase_functions/node_modules/cors/lib/index.js:219:13 {"user":"    at /home/navya/workspace/dev/Frontend-Mentor/winter/pharmacy/firebase_functions/node_modules/cors/lib/index.js:219:13","metadata":{"emulator":{"name":"functions"},"function":{"name":"us-central1-placeOrder"},"extension":{},"message":"\u001b[90m> \u001b[39m     at /home/navya/workspace/dev/Frontend-Mentor/winter/pharmacy/firebase_functions/node_modules/cors/lib/index.js:219:13"}}
[info] >      at optionsCallback (/home/navya/workspace/dev/Frontend-Mentor/winter/pharmacy/firebase_functions/node_modules/cors/lib/index.js:199:9) {"user":"    at optionsCallback (/home/navya/workspace/dev/Frontend-Mentor/winter/pharmacy/firebase_functions/node_modules/cors/lib/index.js:199:9)","metadata":{"emulator":{"name":"functions"},"function":{"name":"us-central1-placeOrder"},"extension":{},"message":"\u001b[90m> \u001b[39m     at optionsCallback (/home/navya/workspace/dev/Frontend-Mentor/winter/pharmacy/firebase_functions/node_modules/cors/lib/index.js:199:9)"}}
[info] >      at corsMiddleware (/home/navya/workspace/dev/Frontend-Mentor/winter/pharmacy/firebase_functions/node_modules/cors/lib/index.js:204:7) {"user":"    at corsMiddleware (/home/navya/workspace/dev/Frontend-Mentor/winter/pharmacy/firebase_functions/node_modules/cors/lib/index.js:204:7)","metadata":{"emulator":{"name":"functions"},"function":{"name":"us-central1-placeOrder"},"extension":{},"message":"\u001b[90m> \u001b[39m     at corsMiddleware (/home/navya/workspace/dev/Frontend-Mentor/winter/pharmacy/firebase_functions/node_modules/cors/lib/index.js:204:7)"}}
[info] >      at /home/navya/workspace/dev/Frontend-Mentor/winter/pharmacy/firebase_functions/node_modules/firebase-functions/lib/v2/providers/https.js:66:5 {"user":"    at /home/navya/workspace/dev/Frontend-Mentor/winter/pharmacy/firebase_functions/node_modules/firebase-functions/lib/v2/providers/https.js:66:5","metadata":{"emulator":{"name":"functions"},"function":{"name":"us-central1-placeOrder"},"extension":{},"message":"\u001b[90m> \u001b[39m     at /home/navya/workspace/dev/Frontend-Mentor/winter/pharmacy/firebase_functions/node_modules/firebase-functions/lib/v2/providers/https.js:66:5"}}
[debug] [2026-01-09T00:14:49.721Z] Finishing up request with event=pause {"metadata":{"emulator":{"name":"functions"},"function":{"name":"us-central1-placeOrder"},"extension":{},"message":"Finishing up request with event=pause"}}
[info] i  functions: Finished "us-central1-placeOrder" in 17.992177ms {"metadata":{"emulator":{"name":"functions"},"function":{"name":"us-central1-placeOrder"},"extension":{},"message":"Finished \"us-central1-placeOrder\" in 17.992177ms"}}
[debug] [2026-01-09T00:14:49.721Z] [worker-us-central1-placeOrder-f1349b5f-c19e-49b7-b726-c19a0c1cbc37]: IDLE {"metadata":{"emulator":{"name":"functions"},"function":{"name":"us-central1-placeOrder"},"extension":{},"message":"[worker-us-central1-placeOrder-f1349b5f-c19e-49b7-b726-c19a0c1cbc37]: IDLE"}}
[debug] [2026-01-09T00:14:49.721Z] Finishing up request with event=finish {"metadata":{"emulator":{"name":"functions"},"function":{"name":"us-central1-placeOrder"},"extension":{},"message":"Finishing up request with event=finish"}}
[debug] [2026-01-09T00:14:49.721Z] Finishing up request with event=close {"metadata":{"emulator":{"name":"functions"},"function":{"name":"us-central1-placeOrder"},"extension":{},"message":"Finishing up request with event=close"}}
[debug] [2026-01-09T00:14:49.721Z] [work-queue] {"queuedWork":[],"queueLength":0,"runningWork":[],"workRunningCount":0}
[debug] [2026-01-09T00:16:54.746Z] File /home/navya/workspace/dev/Frontend-Mentor/winter/pharmacy/firebase_functions/validateOrder.js changed, reloading triggers {"metadata":{"emulator":{"name":"functions"},"message":"File /home/navya/workspace/dev/Frontend-Mentor/winter/pharmacy/firebase_functions/validateOrder.js changed, reloading triggers"}}
[debug] [2026-01-09T00:16:55.749Z] Validating nodejs source
[warn] ⚠  functions: package.json indicates an outdated version of firebase-functions. Please upgrade using npm install --save firebase-functions@latest in your functions directory. 
[debug] [2026-01-09T00:16:56.664Z] > [functions] package.json contents: {
  "name": "firebase_functions",
  "version": "1.0.0",
  "main": "index.js",
  "scripts": {
    "test": "echo \"Error: no test specified\" && exit 1"
  },
  "keywords": [],
  "author": "",
  "license": "ISC",
  "description": "",
  "dependencies": {
    "firebase-admin": "^13.6.0",
    "firebase-functions": "^7.0.2"
  }
}
[debug] [2026-01-09T00:16:56.664Z] Building nodejs source
[debug] [2026-01-09T00:16:56.664Z] Failed to find version of module node: reached end of search path /home/navya/workspace/dev/Frontend-Mentor/winter/pharmacy/firebase_functions/node_modules
[info] ✔  functions: Using node@22 from host. 
[debug] [2026-01-09T00:16:56.665Z] Could not find functions.yaml. Must use http discovery
[debug] [2026-01-09T00:16:56.666Z] Found firebase-functions binary at '/home/navya/workspace/dev/Frontend-Mentor/winter/pharmacy/firebase_functions/node_modules/.bin/firebase-functions'
[info] Serving at port 8037

[debug] [2026-01-09T00:16:56.929Z] Got response from /__/functions.yaml {"endpoints":{"placeOrder":{"availableMemoryMb":null,"timeoutSeconds":null,"minInstances":null,"maxInstances":null,"ingressSettings":null,"concurrency":null,"serviceAccountEmail":null,"vpc":null,"platform":"gcfv2","labels":{},"httpsTrigger":{},"entryPoint":"placeOrder"}},"specVersion":"v1alpha1","requiredAPIs":[],"extensions":{}}
[debug] [2026-01-09T00:17:00.948Z] defaultcredentials: writing to file /home/navya/.config/firebase/navyasuvarna150_gmail_com_application_default_credentials.json
[debug] [2026-01-09T00:17:00.949Z] Setting GAC to /home/navya/.config/firebase/navyasuvarna150_gmail_com_application_default_credentials.json {"metadata":{"emulator":{"name":"functions"},"message":"Setting GAC to /home/navya/.config/firebase/navyasuvarna150_gmail_com_application_default_credentials.json"}}
[info] ✔  functions: Loaded functions definitions from source: placeOrder. {"metadata":{"emulator":{"name":"functions"},"message":"Loaded functions definitions from source: placeOrder."}}
[debug] [2026-01-09T00:17:00.950Z] [worker-pool] Shutting down IDLE worker (us-central1-placeOrder) {"metadata":{"emulator":{"name":"functions"},"message":"[worker-pool] Shutting down IDLE worker (us-central1-placeOrder)"}}
[debug] [2026-01-09T00:17:00.951Z] [worker-us-central1-placeOrder-f1349b5f-c19e-49b7-b726-c19a0c1cbc37]: FINISHING {"metadata":{"emulator":{"name":"functions"},"function":{"name":"us-central1-placeOrder"},"extension":{},"message":"[worker-us-central1-placeOrder-f1349b5f-c19e-49b7-b726-c19a0c1cbc37]: FINISHING"}}
[debug] [2026-01-09T00:17:00.959Z] [worker-us-central1-placeOrder-f1349b5f-c19e-49b7-b726-c19a0c1cbc37]: exited {"metadata":{"emulator":{"name":"functions"},"function":{"name":"us-central1-placeOrder"},"extension":{},"message":"[worker-us-central1-placeOrder-f1349b5f-c19e-49b7-b726-c19a0c1cbc37]: exited"}}
[debug] [2026-01-09T00:17:00.959Z] [worker-us-central1-placeOrder-f1349b5f-c19e-49b7-b726-c19a0c1cbc37]: FINISHED {"metadata":{"emulator":{"name":"functions"},"function":{"name":"us-central1-placeOrder"},"extension":{},"message":"[worker-us-central1-placeOrder-f1349b5f-c19e-49b7-b726-c19a0c1cbc37]: FINISHED"}}
[debug] [2026-01-09T00:17:18.437Z] [work-queue] {"queuedWork":["/autonomous-ai-pharmacy/us-central1/placeOrder-2026-01-09T00:17:18.437Z"],"queueLength":1,"runningWork":[],"workRunningCount":0}
[debug] [2026-01-09T00:17:18.437Z] [work-queue] {"queuedWork":[],"queueLength":0,"runningWork":["/autonomous-ai-pharmacy/us-central1/placeOrder-2026-01-09T00:17:18.437Z"],"workRunningCount":1}
[debug] [2026-01-09T00:17:18.437Z] Accepted request POST /autonomous-ai-pharmacy/us-central1/placeOrder --> us-central1-placeOrder
[debug] [2026-01-09T00:17:18.440Z] [functions] Runtime ready! Sending request! {"metadata":{"emulator":{"name":"functions"},"message":"[functions] Runtime ready! Sending request!"}}
[debug] [2026-01-09T00:17:18.441Z] [functions] Got req.url=/autonomous-ai-pharmacy/us-central1/placeOrder, mapping to path=/ {"metadata":{"emulator":{"name":"functions"},"message":"[functions] Got req.url=/autonomous-ai-pharmacy/us-central1/placeOrder, mapping to path=/"}}
[debug] [2026-01-09T00:17:18.441Z] [worker-pool] Cleaned up workers for us-central1-placeOrder: 1 --> 0 {"metadata":{"emulator":{"name":"functions"},"message":"[worker-pool] Cleaned up workers for us-central1-placeOrder: 1 --> 0"}}
[debug] [2026-01-09T00:17:18.446Z] [worker-pool] addWorker(us-central1-placeOrder) {"metadata":{"emulator":{"name":"functions"},"message":"[worker-pool] addWorker(us-central1-placeOrder)"}}
[debug] [2026-01-09T00:17:18.446Z] [worker-pool] Adding worker with key us-central1-placeOrder, total=1 {"metadata":{"emulator":{"name":"functions"},"message":"[worker-pool] Adding worker with key us-central1-placeOrder, total=1"}}
[debug] [2026-01-09T00:17:18.741Z] [runtime-status] [55637] Resolved module firebase-admin {"declared":true,"installed":true,"version":"13.6.0","resolution":"/home/navya/workspace/dev/Frontend-Mentor/winter/pharmacy/firebase_functions/node_modules/firebase-admin/lib/index.js"} {"metadata":{"emulator":{"name":"functions"},"function":{"name":"us-central1-placeOrder"},"extension":{},"message":"[runtime-status] [55637] Resolved module firebase-admin {\"declared\":true,\"installed\":true,\"version\":\"13.6.0\",\"resolution\":\"/home/navya/workspace/dev/Frontend-Mentor/winter/pharmacy/firebase_functions/node_modules/firebase-admin/lib/index.js\"}"}}
[debug] [2026-01-09T00:17:18.742Z] [runtime-status] [55637] Resolved module firebase-functions {"declared":true,"installed":true,"version":"7.0.2","resolution":"/home/navya/workspace/dev/Frontend-Mentor/winter/pharmacy/firebase_functions/node_modules/firebase-functions/lib/v2/index.js"} {"metadata":{"emulator":{"name":"functions"},"function":{"name":"us-central1-placeOrder"},"extension":{},"message":"[runtime-status] [55637] Resolved module firebase-functions {\"declared\":true,\"installed\":true,\"version\":\"7.0.2\",\"resolution\":\"/home/navya/workspace/dev/Frontend-Mentor/winter/pharmacy/firebase_functions/node_modules/firebase-functions/lib/v2/index.js\"}"}}
[debug] [2026-01-09T00:17:18.742Z] [runtime-status] [55637] Outgoing network have been stubbed. [{"name":"http","status":"mocked"},{"name":"http","status":"mocked"},{"name":"https","status":"mocked"},{"name":"https","status":"mocked"},{"name":"net","status":"mocked"}] {"metadata":{"emulator":{"name":"functions"},"function":{"name":"us-central1-placeOrder"},"extension":{},"message":"[runtime-status] [55637] Outgoing network have been stubbed. [{\"name\":\"http\",\"status\":\"mocked\"},{\"name\":\"http\",\"status\":\"mocked\"},{\"name\":\"https\",\"status\":\"mocked\"},{\"name\":\"https\",\"status\":\"mocked\"},{\"name\":\"net\",\"status\":\"mocked\"}]"}}
[debug] [2026-01-09T00:17:18.742Z] [runtime-status] [55637] Resolved module firebase-functions {"declared":true,"installed":true,"version":"7.0.2","resolution":"/home/navya/workspace/dev/Frontend-Mentor/winter/pharmacy/firebase_functions/node_modules/firebase-functions/lib/v2/index.js"} {"metadata":{"emulator":{"name":"functions"},"function":{"name":"us-central1-placeOrder"},"extension":{},"message":"[runtime-status] [55637] Resolved module firebase-functions {\"declared\":true,\"installed\":true,\"version\":\"7.0.2\",\"resolution\":\"/home/navya/workspace/dev/Frontend-Mentor/winter/pharmacy/firebase_functions/node_modules/firebase-functions/lib/v2/index.js\"}"}}
[debug] [2026-01-09T00:17:18.742Z] [runtime-status] [55637] Detected firebase-functions v7+, skipping legacy stubs. {"metadata":{"emulator":{"name":"functions"},"function":{"name":"us-central1-placeOrder"},"extension":{},"message":"[runtime-status] [55637] Detected firebase-functions v7+, skipping legacy stubs."}}
[debug] [2026-01-09T00:17:18.743Z] [runtime-status] [55637] Resolved module firebase-admin {"declared":true,"installed":true,"version":"13.6.0","resolution":"/home/navya/workspace/dev/Frontend-Mentor/winter/pharmacy/firebase_functions/node_modules/firebase-admin/lib/index.js"} {"metadata":{"emulator":{"name":"functions"},"function":{"name":"us-central1-placeOrder"},"extension":{},"message":"[runtime-status] [55637] Resolved module firebase-admin {\"declared\":true,\"installed\":true,\"version\":\"13.6.0\",\"resolution\":\"/home/navya/workspace/dev/Frontend-Mentor/winter/pharmacy/firebase_functions/node_modules/firebase-admin/lib/index.js\"}"}}
[debug] [2026-01-09T00:17:18.763Z] [runtime-status] [55637] Resolved module firebase-functions {"declared":true,"installed":true,"version":"7.0.2","resolution":"/home/navya/workspace/dev/Frontend-Mentor/winter/pharmacy/firebase_functions/node_modules/firebase-functions/lib/v2/index.js"} {"metadata":{"emulator":{"name":"functions"},"function":{"name":"us-central1-placeOrder"},"extension":{},"message":"[runtime-status] [55637] Resolved module firebase-functions {\"declared\":true,\"installed\":true,\"version\":\"7.0.2\",\"resolution\":\"/home/navya/workspace/dev/Frontend-Mentor/winter/pharmacy/firebase_functions/node_modules/firebase-functions/lib/v2/index.js\"}"}}
[debug] [2026-01-09T00:17:18.849Z] [runtime-status] [55637] firebase-admin has been stubbed. {"adminResolution":{"declared":true,"installed":true,"version":"13.6.0","resolution":"/home/navya/workspace/dev/Frontend-Mentor/winter/pharmacy/firebase_functions/node_modules/firebase-admin/lib/index.js"}} {"metadata":{"emulator":{"name":"functions"},"function":{"name":"us-central1-placeOrder"},"extension":{},"message":"[runtime-status] [55637] firebase-admin has been stubbed. {\"adminResolution\":{\"declared\":true,\"installed\":true,\"version\":\"13.6.0\",\"resolution\":\"/home/navya/workspace/dev/Frontend-Mentor/winter/pharmacy/firebase_functions/node_modules/firebase-admin/lib/index.js\"}}"}}
[debug] [2026-01-09T00:17:18.850Z] [runtime-status] [55637] initializeApp(DEFAULT) {"storageBucket":"autonomous-ai-pharmacy.firebasestorage.app","projectId":"autonomous-ai-pharmacy"} {"metadata":{"emulator":{"name":"functions"},"function":{"name":"us-central1-placeOrder"},"extension":{},"message":"[runtime-status] [55637] initializeApp(DEFAULT) {\"storageBucket\":\"autonomous-ai-pharmacy.firebasestorage.app\",\"projectId\":\"autonomous-ai-pharmacy\"}"}}
[debug] [2026-01-09T00:17:18.854Z] [runtime-status] [55637] Functions runtime initialized. {"cwd":"/home/navya/workspace/dev/Frontend-Mentor/winter/pharmacy/firebase_functions","node_version":"22.17.0"} {"metadata":{"emulator":{"name":"functions"},"function":{"name":"us-central1-placeOrder"},"extension":{},"message":"[runtime-status] [55637] Functions runtime initialized. {\"cwd\":\"/home/navya/workspace/dev/Frontend-Mentor/winter/pharmacy/firebase_functions\",\"node_version\":\"22.17.0\"}"}}
[debug] [2026-01-09T00:17:18.854Z] [runtime-status] [55637] Listening to port: /tmp/fire_emu_3f48f904016d7a19.sock {"metadata":{"emulator":{"name":"functions"},"function":{"name":"us-central1-placeOrder"},"extension":{},"message":"[runtime-status] [55637] Listening to port: /tmp/fire_emu_3f48f904016d7a19.sock"}}
[debug] [2026-01-09T00:17:18.959Z] [worker-us-central1-placeOrder-2604377f-ac46-4dad-ab2c-6d7e107a68a8]: IDLE {"metadata":{"emulator":{"name":"functions"},"function":{"name":"us-central1-placeOrder"},"extension":{},"message":"[worker-us-central1-placeOrder-2604377f-ac46-4dad-ab2c-6d7e107a68a8]: IDLE"}}
[debug] [2026-01-09T00:17:18.959Z] [worker-pool] submitRequest(triggerId=us-central1-placeOrder) {"metadata":{"emulator":{"name":"functions"},"message":"[worker-pool] submitRequest(triggerId=us-central1-placeOrder)"}}
[info] i  functions: Beginning execution of "us-central1-placeOrder" {"metadata":{"emulator":{"name":"functions"},"function":{"name":"us-central1-placeOrder"},"extension":{},"message":"Beginning execution of \"us-central1-placeOrder\""}}
[debug] [2026-01-09T00:17:18.959Z] [worker-us-central1-placeOrder-2604377f-ac46-4dad-ab2c-6d7e107a68a8]: BUSY {"metadata":{"emulator":{"name":"functions"},"function":{"name":"us-central1-placeOrder"},"extension":{},"message":"[worker-us-central1-placeOrder-2604377f-ac46-4dad-ab2c-6d7e107a68a8]: BUSY"}}
[info] >  STEP 1: method = POST {"user":"STEP 1: method = POST","metadata":{"emulator":{"name":"functions"},"function":{"name":"us-central1-placeOrder"},"extension":{},"message":"\u001b[90m> \u001b[39m STEP 1: method = POST"}}
[info] >  STEP 2: raw body = { {"user":"STEP 2: raw body = {","metadata":{"emulator":{"name":"functions"},"function":{"name":"us-central1-placeOrder"},"extension":{},"message":"\u001b[90m> \u001b[39m STEP 2: raw body = {"}}
[info] >    user_id: 'U001', {"user":"  user_id: 'U001',","metadata":{"emulator":{"name":"functions"},"function":{"name":"us-central1-placeOrder"},"extension":{},"message":"\u001b[90m> \u001b[39m   user_id: 'U001',"}}
[info] >    medicine: { {"user":"  medicine: {","metadata":{"emulator":{"name":"functions"},"function":{"name":"us-central1-placeOrder"},"extension":{},"message":"\u001b[90m> \u001b[39m   medicine: {"}}
[info] >      medicine_id: 'MED001', {"user":"    medicine_id: 'MED001',","metadata":{"emulator":{"name":"functions"},"function":{"name":"us-central1-placeOrder"},"extension":{},"message":"\u001b[90m> \u001b[39m     medicine_id: 'MED001',"}}
[info] >      prescription_required: false, {"user":"    prescription_required: false,","metadata":{"emulator":{"name":"functions"},"function":{"name":"us-central1-placeOrder"},"extension":{},"message":"\u001b[90m> \u001b[39m     prescription_required: false,"}}
[info] >      stock_quantity: 100 {"user":"    stock_quantity: 100","metadata":{"emulator":{"name":"functions"},"function":{"name":"us-central1-placeOrder"},"extension":{},"message":"\u001b[90m> \u001b[39m     stock_quantity: 100"}}
[info] >    }, {"user":"  },","metadata":{"emulator":{"name":"functions"},"function":{"name":"us-central1-placeOrder"},"extension":{},"message":"\u001b[90m> \u001b[39m   },"}}
[info] >    quantity: 5, {"user":"  quantity: 5,","metadata":{"emulator":{"name":"functions"},"function":{"name":"us-central1-placeOrder"},"extension":{},"message":"\u001b[90m> \u001b[39m   quantity: 5,"}}
[info] >    dosage: 1, {"user":"  dosage: 1,","metadata":{"emulator":{"name":"functions"},"function":{"name":"us-central1-placeOrder"},"extension":{},"message":"\u001b[90m> \u001b[39m   dosage: 1,"}}
[info] >    prescription_provided: false {"user":"  prescription_provided: false","metadata":{"emulator":{"name":"functions"},"function":{"name":"us-central1-placeOrder"},"extension":{},"message":"\u001b[90m> \u001b[39m   prescription_provided: false"}}
[info] >  } {"user":"}","metadata":{"emulator":{"name":"functions"},"function":{"name":"us-central1-placeOrder"},"extension":{},"message":"\u001b[90m> \u001b[39m }"}}
[info] >  STEP 3: order parsed = { {"user":"STEP 3: order parsed = {","metadata":{"emulator":{"name":"functions"},"function":{"name":"us-central1-placeOrder"},"extension":{},"message":"\u001b[90m> \u001b[39m STEP 3: order parsed = {"}}
[info] >    user_id: 'U001', {"user":"  user_id: 'U001',","metadata":{"emulator":{"name":"functions"},"function":{"name":"us-central1-placeOrder"},"extension":{},"message":"\u001b[90m> \u001b[39m   user_id: 'U001',"}}
[info] >    medicine: { {"user":"  medicine: {","metadata":{"emulator":{"name":"functions"},"function":{"name":"us-central1-placeOrder"},"extension":{},"message":"\u001b[90m> \u001b[39m   medicine: {"}}
[info] >      medicine_id: 'MED001', {"user":"    medicine_id: 'MED001',","metadata":{"emulator":{"name":"functions"},"function":{"name":"us-central1-placeOrder"},"extension":{},"message":"\u001b[90m> \u001b[39m     medicine_id: 'MED001',"}}
[info] >      prescription_required: false, {"user":"    prescription_required: false,","metadata":{"emulator":{"name":"functions"},"function":{"name":"us-central1-placeOrder"},"extension":{},"message":"\u001b[90m> \u001b[39m     prescription_required: false,"}}
[info] >      stock_quantity: 100 {"user":"    stock_quantity: 100","metadata":{"emulator":{"name":"functions"},"function":{"name":"us-central1-placeOrder"},"extension":{},"message":"\u001b[90m> \u001b[39m     stock_quantity: 100"}}
[info] >    }, {"user":"  },","metadata":{"emulator":{"name":"functions"},"function":{"name":"us-central1-placeOrder"},"extension":{},"message":"\u001b[90m> \u001b[39m   },"}}
[info] >    quantity: 5, {"user":"  quantity: 5,","metadata":{"emulator":{"name":"functions"},"function":{"name":"us-central1-placeOrder"},"extension":{},"message":"\u001b[90m> \u001b[39m   quantity: 5,"}}
[info] >    dosage: 1, {"user":"  dosage: 1,","metadata":{"emulator":{"name":"functions"},"function":{"name":"us-central1-placeOrder"},"extension":{},"message":"\u001b[90m> \u001b[39m   dosage: 1,"}}
[info] >    prescription_provided: false {"user":"  prescription_provided: false","metadata":{"emulator":{"name":"functions"},"function":{"name":"us-central1-placeOrder"},"extension":{},"message":"\u001b[90m> \u001b[39m   prescription_provided: false"}}
[info] >  } {"user":"}","metadata":{"emulator":{"name":"functions"},"function":{"name":"us-central1-placeOrder"},"extension":{},"message":"\u001b[90m> \u001b[39m }"}}
[info] >  STEP 4: validation decision = { approved: true, reason: 'Order is safe to proceed' } {"user":"STEP 4: validation decision = { approved: true, reason: 'Order is safe to proceed' }","metadata":{"emulator":{"name":"functions"},"function":{"name":"us-central1-placeOrder"},"extension":{},"message":"\u001b[90m> \u001b[39m STEP 4: validation decision = { approved: true, reason: 'Order is safe to proceed' }"}}
[info] >  STEP 5: writing to Firestore {"user":"STEP 5: writing to Firestore","metadata":{"emulator":{"name":"functions"},"function":{"name":"us-central1-placeOrder"},"extension":{},"message":"\u001b[90m> \u001b[39m STEP 5: writing to Firestore"}}
[info] >  ❌ RUNTIME ERROR: TypeError: Cannot read properties of undefined (reading 'serverTimestamp') {"user":"❌ RUNTIME ERROR: TypeError: Cannot read properties of undefined (reading 'serverTimestamp')","metadata":{"emulator":{"name":"functions"},"function":{"name":"us-central1-placeOrder"},"extension":{},"message":"\u001b[90m> \u001b[39m ❌ RUNTIME ERROR: TypeError: Cannot read properties of undefined (reading 'serverTimestamp')"}}
[info] >      at /home/navya/workspace/dev/Frontend-Mentor/winter/pharmacy/firebase_functions/placeOrder.js:41:40 {"user":"    at /home/navya/workspace/dev/Frontend-Mentor/winter/pharmacy/firebase_functions/placeOrder.js:41:40","metadata":{"emulator":{"name":"functions"},"function":{"name":"us-central1-placeOrder"},"extension":{},"message":"\u001b[90m> \u001b[39m     at /home/navya/workspace/dev/Frontend-Mentor/winter/pharmacy/firebase_functions/placeOrder.js:41:40"}}
[info] >      at /home/navya/workspace/dev/Frontend-Mentor/winter/pharmacy/firebase_functions/node_modules/firebase-functions/lib/common/providers/https.js:566:10 {"user":"    at /home/navya/workspace/dev/Frontend-Mentor/winter/pharmacy/firebase_functions/node_modules/firebase-functions/lib/common/providers/https.js:566:10","metadata":{"emulator":{"name":"functions"},"function":{"name":"us-central1-placeOrder"},"extension":{},"message":"\u001b[90m> \u001b[39m     at /home/navya/workspace/dev/Frontend-Mentor/winter/pharmacy/firebase_functions/node_modules/firebase-functions/lib/common/providers/https.js:566:10"}}
[info] >      at /home/navya/workspace/dev/Frontend-Mentor/winter/pharmacy/firebase_functions/node_modules/firebase-functions/lib/v2/providers/https.js:67:14 {"user":"    at /home/navya/workspace/dev/Frontend-Mentor/winter/pharmacy/firebase_functions/node_modules/firebase-functions/lib/v2/providers/https.js:67:14","metadata":{"emulator":{"name":"functions"},"function":{"name":"us-central1-placeOrder"},"extension":{},"message":"\u001b[90m> \u001b[39m     at /home/navya/workspace/dev/Frontend-Mentor/winter/pharmacy/firebase_functions/node_modules/firebase-functions/lib/v2/providers/https.js:67:14"}}
[info] >      at cors (/home/navya/workspace/dev/Frontend-Mentor/winter/pharmacy/firebase_functions/node_modules/cors/lib/index.js:188:7) {"user":"    at cors (/home/navya/workspace/dev/Frontend-Mentor/winter/pharmacy/firebase_functions/node_modules/cors/lib/index.js:188:7)","metadata":{"emulator":{"name":"functions"},"function":{"name":"us-central1-placeOrder"},"extension":{},"message":"\u001b[90m> \u001b[39m     at cors (/home/navya/workspace/dev/Frontend-Mentor/winter/pharmacy/firebase_functions/node_modules/cors/lib/index.js:188:7)"}}
[info] >      at /home/navya/workspace/dev/Frontend-Mentor/winter/pharmacy/firebase_functions/node_modules/cors/lib/index.js:224:17 {"user":"    at /home/navya/workspace/dev/Frontend-Mentor/winter/pharmacy/firebase_functions/node_modules/cors/lib/index.js:224:17","metadata":{"emulator":{"name":"functions"},"function":{"name":"us-central1-placeOrder"},"extension":{},"message":"\u001b[90m> \u001b[39m     at /home/navya/workspace/dev/Frontend-Mentor/winter/pharmacy/firebase_functions/node_modules/cors/lib/index.js:224:17"}}
[info] >      at originCallback (/home/navya/workspace/dev/Frontend-Mentor/winter/pharmacy/firebase_functions/node_modules/cors/lib/index.js:214:15) {"user":"    at originCallback (/home/navya/workspace/dev/Frontend-Mentor/winter/pharmacy/firebase_functions/node_modules/cors/lib/index.js:214:15)","metadata":{"emulator":{"name":"functions"},"function":{"name":"us-central1-placeOrder"},"extension":{},"message":"\u001b[90m> \u001b[39m     at originCallback (/home/navya/workspace/dev/Frontend-Mentor/winter/pharmacy/firebase_functions/node_modules/cors/lib/index.js:214:15)"}}
[info] >      at /home/navya/workspace/dev/Frontend-Mentor/winter/pharmacy/firebase_functions/node_modules/cors/lib/index.js:219:13 {"user":"    at /home/navya/workspace/dev/Frontend-Mentor/winter/pharmacy/firebase_functions/node_modules/cors/lib/index.js:219:13","metadata":{"emulator":{"name":"functions"},"function":{"name":"us-central1-placeOrder"},"extension":{},"message":"\u001b[90m> \u001b[39m     at /home/navya/workspace/dev/Frontend-Mentor/winter/pharmacy/firebase_functions/node_modules/cors/lib/index.js:219:13"}}
[info] >      at optionsCallback (/home/navya/workspace/dev/Frontend-Mentor/winter/pharmacy/firebase_functions/node_modules/cors/lib/index.js:199:9) {"user":"    at optionsCallback (/home/navya/workspace/dev/Frontend-Mentor/winter/pharmacy/firebase_functions/node_modules/cors/lib/index.js:199:9)","metadata":{"emulator":{"name":"functions"},"function":{"name":"us-central1-placeOrder"},"extension":{},"message":"\u001b[90m> \u001b[39m     at optionsCallback (/home/navya/workspace/dev/Frontend-Mentor/winter/pharmacy/firebase_functions/node_modules/cors/lib/index.js:199:9)"}}
[info] >      at corsMiddleware (/home/navya/workspace/dev/Frontend-Mentor/winter/pharmacy/firebase_functions/node_modules/cors/lib/index.js:204:7) {"user":"    at corsMiddleware (/home/navya/workspace/dev/Frontend-Mentor/winter/pharmacy/firebase_functions/node_modules/cors/lib/index.js:204:7)","metadata":{"emulator":{"name":"functions"},"function":{"name":"us-central1-placeOrder"},"extension":{},"message":"\u001b[90m> \u001b[39m     at corsMiddleware (/home/navya/workspace/dev/Frontend-Mentor/winter/pharmacy/firebase_functions/node_modules/cors/lib/index.js:204:7)"}}
[info] >      at /home/navya/workspace/dev/Frontend-Mentor/winter/pharmacy/firebase_functions/node_modules/firebase-functions/lib/v2/providers/https.js:66:5 {"user":"    at /home/navya/workspace/dev/Frontend-Mentor/winter/pharmacy/firebase_functions/node_modules/firebase-functions/lib/v2/providers/https.js:66:5","metadata":{"emulator":{"name":"functions"},"function":{"name":"us-central1-placeOrder"},"extension":{},"message":"\u001b[90m> \u001b[39m     at /home/navya/workspace/dev/Frontend-Mentor/winter/pharmacy/firebase_functions/node_modules/firebase-functions/lib/v2/providers/https.js:66:5"}}
[debug] [2026-01-09T00:17:18.976Z] Finishing up request with event=pause {"metadata":{"emulator":{"name":"functions"},"function":{"name":"us-central1-placeOrder"},"extension":{},"message":"Finishing up request with event=pause"}}
[info] i  functions: Finished "us-central1-placeOrder" in 16.471842ms {"metadata":{"emulator":{"name":"functions"},"function":{"name":"us-central1-placeOrder"},"extension":{},"message":"Finished \"us-central1-placeOrder\" in 16.471842ms"}}
[debug] [2026-01-09T00:17:18.976Z] [worker-us-central1-placeOrder-2604377f-ac46-4dad-ab2c-6d7e107a68a8]: IDLE {"metadata":{"emulator":{"name":"functions"},"function":{"name":"us-central1-placeOrder"},"extension":{},"message":"[worker-us-central1-placeOrder-2604377f-ac46-4dad-ab2c-6d7e107a68a8]: IDLE"}}
[debug] [2026-01-09T00:17:18.976Z] Finishing up request with event=finish {"metadata":{"emulator":{"name":"functions"},"function":{"name":"us-central1-placeOrder"},"extension":{},"message":"Finishing up request with event=finish"}}
[debug] [2026-01-09T00:17:18.976Z] Finishing up request with event=close {"metadata":{"emulator":{"name":"functions"},"function":{"name":"us-central1-placeOrder"},"extension":{},"message":"Finishing up request with event=close"}}
[debug] [2026-01-09T00:17:18.976Z] [work-queue] {"queuedWork":[],"queueLength":0,"runningWork":[],"workRunningCount":0}
[debug] [2026-01-09T00:19:11.808Z] File /home/navya/workspace/dev/Frontend-Mentor/winter/pharmacy/firebase_functions/placeOrder.js changed, reloading triggers {"metadata":{"emulator":{"name":"functions"},"message":"File /home/navya/workspace/dev/Frontend-Mentor/winter/pharmacy/firebase_functions/placeOrder.js changed, reloading triggers"}}
[debug] [2026-01-09T00:19:12.810Z] Validating nodejs source
[warn] ⚠  functions: package.json indicates an outdated version of firebase-functions. Please upgrade using npm install --save firebase-functions@latest in your functions directory. 
[debug] [2026-01-09T00:19:13.671Z] > [functions] package.json contents: {
  "name": "firebase_functions",
  "version": "1.0.0",
  "main": "index.js",
  "scripts": {
    "test": "echo \"Error: no test specified\" && exit 1"
  },
  "keywords": [],
  "author": "",
  "license": "ISC",
  "description": "",
  "dependencies": {
    "firebase-admin": "^13.6.0",
    "firebase-functions": "^7.0.2"
  }
}
[debug] [2026-01-09T00:19:13.671Z] Building nodejs source
[debug] [2026-01-09T00:19:13.671Z] Failed to find version of module node: reached end of search path /home/navya/workspace/dev/Frontend-Mentor/winter/pharmacy/firebase_functions/node_modules
[info] ✔  functions: Using node@22 from host. 
[debug] [2026-01-09T00:19:13.672Z] Could not find functions.yaml. Must use http discovery
[debug] [2026-01-09T00:19:13.672Z] Found firebase-functions binary at '/home/navya/workspace/dev/Frontend-Mentor/winter/pharmacy/firebase_functions/node_modules/.bin/firebase-functions'
[debug] [2026-01-09T00:19:13.675Z] File /home/navya/workspace/dev/Frontend-Mentor/winter/pharmacy/firebase_functions/placeOrder.js changed, reloading triggers {"metadata":{"emulator":{"name":"functions"},"message":"File /home/navya/workspace/dev/Frontend-Mentor/winter/pharmacy/firebase_functions/placeOrder.js changed, reloading triggers"}}
[info] Serving at port 8282

[debug] [2026-01-09T00:19:13.840Z] Got response from /__/functions.yaml {"endpoints":{"placeOrder":{"availableMemoryMb":null,"timeoutSeconds":null,"minInstances":null,"maxInstances":null,"ingressSettings":null,"concurrency":null,"serviceAccountEmail":null,"vpc":null,"platform":"gcfv2","labels":{},"httpsTrigger":{},"entryPoint":"placeOrder"}},"specVersion":"v1alpha1","requiredAPIs":[],"extensions":{}}
[debug] [2026-01-09T00:19:14.676Z] Validating nodejs source
[warn] ⚠  functions: package.json indicates an outdated version of firebase-functions. Please upgrade using npm install --save firebase-functions@latest in your functions directory. 
[debug] [2026-01-09T00:19:15.517Z] > [functions] package.json contents: {
  "name": "firebase_functions",
  "version": "1.0.0",
  "main": "index.js",
  "scripts": {
    "test": "echo \"Error: no test specified\" && exit 1"
  },
  "keywords": [],
  "author": "",
  "license": "ISC",
  "description": "",
  "dependencies": {
    "firebase-admin": "^13.6.0",
    "firebase-functions": "^7.0.2"
  }
}
[debug] [2026-01-09T00:19:15.517Z] Building nodejs source
[debug] [2026-01-09T00:19:15.517Z] Failed to find version of module node: reached end of search path /home/navya/workspace/dev/Frontend-Mentor/winter/pharmacy/firebase_functions/node_modules
[info] ✔  functions: Using node@22 from host. 
[debug] [2026-01-09T00:19:15.518Z] Could not find functions.yaml. Must use http discovery
[debug] [2026-01-09T00:19:15.518Z] Found firebase-functions binary at '/home/navya/workspace/dev/Frontend-Mentor/winter/pharmacy/firebase_functions/node_modules/.bin/firebase-functions'
[info] Serving at port 8479

[debug] [2026-01-09T00:19:15.678Z] Got response from /__/functions.yaml {"endpoints":{"placeOrder":{"availableMemoryMb":null,"timeoutSeconds":null,"minInstances":null,"maxInstances":null,"ingressSettings":null,"concurrency":null,"serviceAccountEmail":null,"vpc":null,"platform":"gcfv2","labels":{},"httpsTrigger":{},"entryPoint":"placeOrder"}},"specVersion":"v1alpha1","requiredAPIs":[],"extensions":{}}
[debug] [2026-01-09T00:19:17.855Z] defaultcredentials: writing to file /home/navya/.config/firebase/navyasuvarna150_gmail_com_application_default_credentials.json
[debug] [2026-01-09T00:19:17.856Z] Setting GAC to /home/navya/.config/firebase/navyasuvarna150_gmail_com_application_default_credentials.json {"metadata":{"emulator":{"name":"functions"},"message":"Setting GAC to /home/navya/.config/firebase/navyasuvarna150_gmail_com_application_default_credentials.json"}}
[info] ✔  functions: Loaded functions definitions from source: placeOrder. {"metadata":{"emulator":{"name":"functions"},"message":"Loaded functions definitions from source: placeOrder."}}
[debug] [2026-01-09T00:19:17.857Z] [worker-pool] Shutting down IDLE worker (us-central1-placeOrder) {"metadata":{"emulator":{"name":"functions"},"message":"[worker-pool] Shutting down IDLE worker (us-central1-placeOrder)"}}
[debug] [2026-01-09T00:19:17.857Z] [worker-us-central1-placeOrder-2604377f-ac46-4dad-ab2c-6d7e107a68a8]: FINISHING {"metadata":{"emulator":{"name":"functions"},"function":{"name":"us-central1-placeOrder"},"extension":{},"message":"[worker-us-central1-placeOrder-2604377f-ac46-4dad-ab2c-6d7e107a68a8]: FINISHING"}}
[debug] [2026-01-09T00:19:17.864Z] [worker-us-central1-placeOrder-2604377f-ac46-4dad-ab2c-6d7e107a68a8]: exited {"metadata":{"emulator":{"name":"functions"},"function":{"name":"us-central1-placeOrder"},"extension":{},"message":"[worker-us-central1-placeOrder-2604377f-ac46-4dad-ab2c-6d7e107a68a8]: exited"}}
[debug] [2026-01-09T00:19:17.864Z] [worker-us-central1-placeOrder-2604377f-ac46-4dad-ab2c-6d7e107a68a8]: FINISHED {"metadata":{"emulator":{"name":"functions"},"function":{"name":"us-central1-placeOrder"},"extension":{},"message":"[worker-us-central1-placeOrder-2604377f-ac46-4dad-ab2c-6d7e107a68a8]: FINISHED"}}
[debug] [2026-01-09T00:19:19.690Z] defaultcredentials: writing to file /home/navya/.config/firebase/navyasuvarna150_gmail_com_application_default_credentials.json
[debug] [2026-01-09T00:19:19.691Z] Setting GAC to /home/navya/.config/firebase/navyasuvarna150_gmail_com_application_default_credentials.json {"metadata":{"emulator":{"name":"functions"},"message":"Setting GAC to /home/navya/.config/firebase/navyasuvarna150_gmail_com_application_default_credentials.json"}}
[info] ✔  functions: Loaded functions definitions from source: placeOrder. {"metadata":{"emulator":{"name":"functions"},"message":"Loaded functions definitions from source: placeOrder."}}
[debug] [2026-01-09T00:21:19.559Z] File /home/navya/workspace/dev/Frontend-Mentor/winter/pharmacy/firebase_functions/placeOrder.js changed, reloading triggers {"metadata":{"emulator":{"name":"functions"},"message":"File /home/navya/workspace/dev/Frontend-Mentor/winter/pharmacy/firebase_functions/placeOrder.js changed, reloading triggers"}}
[debug] [2026-01-09T00:21:20.559Z] Validating nodejs source
[warn] ⚠  functions: package.json indicates an outdated version of firebase-functions. Please upgrade using npm install --save firebase-functions@latest in your functions directory. 
[debug] [2026-01-09T00:21:20.976Z] > [functions] package.json contents: {
  "name": "firebase_functions",
  "version": "1.0.0",
  "main": "index.js",
  "scripts": {
    "test": "echo \"Error: no test specified\" && exit 1"
  },
  "keywords": [],
  "author": "",
  "license": "ISC",
  "description": "",
  "dependencies": {
    "firebase-admin": "^13.6.0",
    "firebase-functions": "^7.0.2"
  }
}
[debug] [2026-01-09T00:21:20.976Z] Building nodejs source
[debug] [2026-01-09T00:21:20.976Z] Failed to find version of module node: reached end of search path /home/navya/workspace/dev/Frontend-Mentor/winter/pharmacy/firebase_functions/node_modules
[info] ✔  functions: Using node@22 from host. 
[debug] [2026-01-09T00:21:20.977Z] Could not find functions.yaml. Must use http discovery
[debug] [2026-01-09T00:21:20.977Z] Found firebase-functions binary at '/home/navya/workspace/dev/Frontend-Mentor/winter/pharmacy/firebase_functions/node_modules/.bin/firebase-functions'
[info] Serving at port 8528

[debug] [2026-01-09T00:21:21.163Z] Got response from /__/functions.yaml {"endpoints":{"placeOrder":{"availableMemoryMb":null,"timeoutSeconds":null,"minInstances":null,"maxInstances":null,"ingressSettings":null,"concurrency":null,"serviceAccountEmail":null,"vpc":null,"platform":"gcfv2","labels":{},"httpsTrigger":{},"entryPoint":"placeOrder"}},"specVersion":"v1alpha1","requiredAPIs":[],"extensions":{}}
[debug] [2026-01-09T00:21:21.309Z] File /home/navya/workspace/dev/Frontend-Mentor/winter/pharmacy/firebase_functions/placeOrder.js changed, reloading triggers {"metadata":{"emulator":{"name":"functions"},"message":"File /home/navya/workspace/dev/Frontend-Mentor/winter/pharmacy/firebase_functions/placeOrder.js changed, reloading triggers"}}
[debug] [2026-01-09T00:21:22.310Z] Validating nodejs source
[warn] ⚠  functions: package.json indicates an outdated version of firebase-functions. Please upgrade using npm install --save firebase-functions@latest in your functions directory. 
[debug] [2026-01-09T00:21:22.895Z] > [functions] package.json contents: {
  "name": "firebase_functions",
  "version": "1.0.0",
  "main": "index.js",
  "scripts": {
    "test": "echo \"Error: no test specified\" && exit 1"
  },
  "keywords": [],
  "author": "",
  "license": "ISC",
  "description": "",
  "dependencies": {
    "firebase-admin": "^13.6.0",
    "firebase-functions": "^7.0.2"
  }
}
[debug] [2026-01-09T00:21:22.895Z] Building nodejs source
[debug] [2026-01-09T00:21:22.895Z] Failed to find version of module node: reached end of search path /home/navya/workspace/dev/Frontend-Mentor/winter/pharmacy/firebase_functions/node_modules
[info] ✔  functions: Using node@22 from host. 
[debug] [2026-01-09T00:21:22.895Z] Could not find functions.yaml. Must use http discovery
[debug] [2026-01-09T00:21:22.896Z] Found firebase-functions binary at '/home/navya/workspace/dev/Frontend-Mentor/winter/pharmacy/firebase_functions/node_modules/.bin/firebase-functions'
[info] Serving at port 8974

[debug] [2026-01-09T00:21:23.068Z] Got response from /__/functions.yaml {"endpoints":{"placeOrder":{"availableMemoryMb":null,"timeoutSeconds":null,"minInstances":null,"maxInstances":null,"ingressSettings":null,"concurrency":null,"serviceAccountEmail":null,"vpc":null,"platform":"gcfv2","labels":{},"httpsTrigger":{},"entryPoint":"placeOrder"}},"specVersion":"v1alpha1","requiredAPIs":[],"extensions":{}}
[debug] [2026-01-09T00:21:25.178Z] defaultcredentials: writing to file /home/navya/.config/firebase/navyasuvarna150_gmail_com_application_default_credentials.json
[debug] [2026-01-09T00:21:25.179Z] Setting GAC to /home/navya/.config/firebase/navyasuvarna150_gmail_com_application_default_credentials.json {"metadata":{"emulator":{"name":"functions"},"message":"Setting GAC to /home/navya/.config/firebase/navyasuvarna150_gmail_com_application_default_credentials.json"}}
[info] ✔  functions: Loaded functions definitions from source: placeOrder. {"metadata":{"emulator":{"name":"functions"},"message":"Loaded functions definitions from source: placeOrder."}}
[debug] [2026-01-09T00:21:27.082Z] defaultcredentials: writing to file /home/navya/.config/firebase/navyasuvarna150_gmail_com_application_default_credentials.json
[debug] [2026-01-09T00:21:27.083Z] Setting GAC to /home/navya/.config/firebase/navyasuvarna150_gmail_com_application_default_credentials.json {"metadata":{"emulator":{"name":"functions"},"message":"Setting GAC to /home/navya/.config/firebase/navyasuvarna150_gmail_com_application_default_credentials.json"}}
[info] ✔  functions: Loaded functions definitions from source: placeOrder. {"metadata":{"emulator":{"name":"functions"},"message":"Loaded functions definitions from source: placeOrder."}}
[debug] [2026-01-09T00:21:41.708Z] [work-queue] {"queuedWork":["/autonomous-ai-pharmacy/us-central1/placeOrder-2026-01-09T00:21:41.708Z"],"queueLength":1,"runningWork":[],"workRunningCount":0}
[debug] [2026-01-09T00:21:41.708Z] [work-queue] {"queuedWork":[],"queueLength":0,"runningWork":["/autonomous-ai-pharmacy/us-central1/placeOrder-2026-01-09T00:21:41.708Z"],"workRunningCount":1}
[debug] [2026-01-09T00:21:41.708Z] Accepted request POST /autonomous-ai-pharmacy/us-central1/placeOrder --> us-central1-placeOrder
[debug] [2026-01-09T00:21:41.712Z] [functions] Runtime ready! Sending request! {"metadata":{"emulator":{"name":"functions"},"message":"[functions] Runtime ready! Sending request!"}}
[debug] [2026-01-09T00:21:41.713Z] [functions] Got req.url=/autonomous-ai-pharmacy/us-central1/placeOrder, mapping to path=/ {"metadata":{"emulator":{"name":"functions"},"message":"[functions] Got req.url=/autonomous-ai-pharmacy/us-central1/placeOrder, mapping to path=/"}}
[debug] [2026-01-09T00:21:41.713Z] [worker-pool] Cleaned up workers for us-central1-placeOrder: 1 --> 0 {"metadata":{"emulator":{"name":"functions"},"message":"[worker-pool] Cleaned up workers for us-central1-placeOrder: 1 --> 0"}}
[debug] [2026-01-09T00:21:41.720Z] [worker-pool] addWorker(us-central1-placeOrder) {"metadata":{"emulator":{"name":"functions"},"message":"[worker-pool] addWorker(us-central1-placeOrder)"}}
[debug] [2026-01-09T00:21:41.720Z] [worker-pool] Adding worker with key us-central1-placeOrder, total=1 {"metadata":{"emulator":{"name":"functions"},"message":"[worker-pool] Adding worker with key us-central1-placeOrder, total=1"}}
[debug] [2026-01-09T00:21:42.032Z] [runtime-status] [56249] Resolved module firebase-admin {"declared":true,"installed":true,"version":"13.6.0","resolution":"/home/navya/workspace/dev/Frontend-Mentor/winter/pharmacy/firebase_functions/node_modules/firebase-admin/lib/index.js"} {"metadata":{"emulator":{"name":"functions"},"function":{"name":"us-central1-placeOrder"},"extension":{},"message":"[runtime-status] [56249] Resolved module firebase-admin {\"declared\":true,\"installed\":true,\"version\":\"13.6.0\",\"resolution\":\"/home/navya/workspace/dev/Frontend-Mentor/winter/pharmacy/firebase_functions/node_modules/firebase-admin/lib/index.js\"}"}}
[debug] [2026-01-09T00:21:42.033Z] [runtime-status] [56249] Resolved module firebase-functions {"declared":true,"installed":true,"version":"7.0.2","resolution":"/home/navya/workspace/dev/Frontend-Mentor/winter/pharmacy/firebase_functions/node_modules/firebase-functions/lib/v2/index.js"} {"metadata":{"emulator":{"name":"functions"},"function":{"name":"us-central1-placeOrder"},"extension":{},"message":"[runtime-status] [56249] Resolved module firebase-functions {\"declared\":true,\"installed\":true,\"version\":\"7.0.2\",\"resolution\":\"/home/navya/workspace/dev/Frontend-Mentor/winter/pharmacy/firebase_functions/node_modules/firebase-functions/lib/v2/index.js\"}"}}
[debug] [2026-01-09T00:21:42.033Z] [runtime-status] [56249] Outgoing network have been stubbed. [{"name":"http","status":"mocked"},{"name":"http","status":"mocked"},{"name":"https","status":"mocked"},{"name":"https","status":"mocked"},{"name":"net","status":"mocked"}] {"metadata":{"emulator":{"name":"functions"},"function":{"name":"us-central1-placeOrder"},"extension":{},"message":"[runtime-status] [56249] Outgoing network have been stubbed. [{\"name\":\"http\",\"status\":\"mocked\"},{\"name\":\"http\",\"status\":\"mocked\"},{\"name\":\"https\",\"status\":\"mocked\"},{\"name\":\"https\",\"status\":\"mocked\"},{\"name\":\"net\",\"status\":\"mocked\"}]"}}
[debug] [2026-01-09T00:21:42.034Z] [runtime-status] [56249] Resolved module firebase-functions {"declared":true,"installed":true,"version":"7.0.2","resolution":"/home/navya/workspace/dev/Frontend-Mentor/winter/pharmacy/firebase_functions/node_modules/firebase-functions/lib/v2/index.js"} {"metadata":{"emulator":{"name":"functions"},"function":{"name":"us-central1-placeOrder"},"extension":{},"message":"[runtime-status] [56249] Resolved module firebase-functions {\"declared\":true,\"installed\":true,\"version\":\"7.0.2\",\"resolution\":\"/home/navya/workspace/dev/Frontend-Mentor/winter/pharmacy/firebase_functions/node_modules/firebase-functions/lib/v2/index.js\"}"}}
[debug] [2026-01-09T00:21:42.034Z] [runtime-status] [56249] Detected firebase-functions v7+, skipping legacy stubs. {"metadata":{"emulator":{"name":"functions"},"function":{"name":"us-central1-placeOrder"},"extension":{},"message":"[runtime-status] [56249] Detected firebase-functions v7+, skipping legacy stubs."}}
[debug] [2026-01-09T00:21:42.034Z] [runtime-status] [56249] Resolved module firebase-admin {"declared":true,"installed":true,"version":"13.6.0","resolution":"/home/navya/workspace/dev/Frontend-Mentor/winter/pharmacy/firebase_functions/node_modules/firebase-admin/lib/index.js"} {"metadata":{"emulator":{"name":"functions"},"function":{"name":"us-central1-placeOrder"},"extension":{},"message":"[runtime-status] [56249] Resolved module firebase-admin {\"declared\":true,\"installed\":true,\"version\":\"13.6.0\",\"resolution\":\"/home/navya/workspace/dev/Frontend-Mentor/winter/pharmacy/firebase_functions/node_modules/firebase-admin/lib/index.js\"}"}}
[debug] [2026-01-09T00:21:42.060Z] [runtime-status] [56249] Resolved module firebase-functions {"declared":true,"installed":true,"version":"7.0.2","resolution":"/home/navya/workspace/dev/Frontend-Mentor/winter/pharmacy/firebase_functions/node_modules/firebase-functions/lib/v2/index.js"} {"metadata":{"emulator":{"name":"functions"},"function":{"name":"us-central1-placeOrder"},"extension":{},"message":"[runtime-status] [56249] Resolved module firebase-functions {\"declared\":true,\"installed\":true,\"version\":\"7.0.2\",\"resolution\":\"/home/navya/workspace/dev/Frontend-Mentor/winter/pharmacy/firebase_functions/node_modules/firebase-functions/lib/v2/index.js\"}"}}
[debug] [2026-01-09T00:21:42.160Z] [runtime-status] [56249] firebase-admin has been stubbed. {"adminResolution":{"declared":true,"installed":true,"version":"13.6.0","resolution":"/home/navya/workspace/dev/Frontend-Mentor/winter/pharmacy/firebase_functions/node_modules/firebase-admin/lib/index.js"}} {"metadata":{"emulator":{"name":"functions"},"function":{"name":"us-central1-placeOrder"},"extension":{},"message":"[runtime-status] [56249] firebase-admin has been stubbed. {\"adminResolution\":{\"declared\":true,\"installed\":true,\"version\":\"13.6.0\",\"resolution\":\"/home/navya/workspace/dev/Frontend-Mentor/winter/pharmacy/firebase_functions/node_modules/firebase-admin/lib/index.js\"}}"}}
[debug] [2026-01-09T00:21:42.161Z] [runtime-status] [56249] initializeApp(DEFAULT) {"storageBucket":"autonomous-ai-pharmacy.firebasestorage.app","projectId":"autonomous-ai-pharmacy"} {"metadata":{"emulator":{"name":"functions"},"function":{"name":"us-central1-placeOrder"},"extension":{},"message":"[runtime-status] [56249] initializeApp(DEFAULT) {\"storageBucket\":\"autonomous-ai-pharmacy.firebasestorage.app\",\"projectId\":\"autonomous-ai-pharmacy\"}"}}
[debug] [2026-01-09T00:21:42.165Z] [runtime-status] [56249] Functions runtime initialized. {"cwd":"/home/navya/workspace/dev/Frontend-Mentor/winter/pharmacy/firebase_functions","node_version":"22.17.0"} {"metadata":{"emulator":{"name":"functions"},"function":{"name":"us-central1-placeOrder"},"extension":{},"message":"[runtime-status] [56249] Functions runtime initialized. {\"cwd\":\"/home/navya/workspace/dev/Frontend-Mentor/winter/pharmacy/firebase_functions\",\"node_version\":\"22.17.0\"}"}}
[debug] [2026-01-09T00:21:42.165Z] [runtime-status] [56249] Listening to port: /tmp/fire_emu_f82f854ab17fb64e.sock {"metadata":{"emulator":{"name":"functions"},"function":{"name":"us-central1-placeOrder"},"extension":{},"message":"[runtime-status] [56249] Listening to port: /tmp/fire_emu_f82f854ab17fb64e.sock"}}
[debug] [2026-01-09T00:21:42.239Z] [worker-us-central1-placeOrder-ebab3a9a-58fc-4bfb-a801-a27fb8956f39]: IDLE {"metadata":{"emulator":{"name":"functions"},"function":{"name":"us-central1-placeOrder"},"extension":{},"message":"[worker-us-central1-placeOrder-ebab3a9a-58fc-4bfb-a801-a27fb8956f39]: IDLE"}}
[debug] [2026-01-09T00:21:42.239Z] [worker-pool] submitRequest(triggerId=us-central1-placeOrder) {"metadata":{"emulator":{"name":"functions"},"message":"[worker-pool] submitRequest(triggerId=us-central1-placeOrder)"}}
[info] i  functions: Beginning execution of "us-central1-placeOrder" {"metadata":{"emulator":{"name":"functions"},"function":{"name":"us-central1-placeOrder"},"extension":{},"message":"Beginning execution of \"us-central1-placeOrder\""}}
[debug] [2026-01-09T00:21:42.239Z] [worker-us-central1-placeOrder-ebab3a9a-58fc-4bfb-a801-a27fb8956f39]: BUSY {"metadata":{"emulator":{"name":"functions"},"function":{"name":"us-central1-placeOrder"},"extension":{},"message":"[worker-us-central1-placeOrder-ebab3a9a-58fc-4bfb-a801-a27fb8956f39]: BUSY"}}
[info] >  STEP 1: method = POST {"user":"STEP 1: method = POST","metadata":{"emulator":{"name":"functions"},"function":{"name":"us-central1-placeOrder"},"extension":{},"message":"\u001b[90m> \u001b[39m STEP 1: method = POST"}}
[info] >  STEP 2: raw body = { {"user":"STEP 2: raw body = {","metadata":{"emulator":{"name":"functions"},"function":{"name":"us-central1-placeOrder"},"extension":{},"message":"\u001b[90m> \u001b[39m STEP 2: raw body = {"}}
[info] >    user_id: 'U001', {"user":"  user_id: 'U001',","metadata":{"emulator":{"name":"functions"},"function":{"name":"us-central1-placeOrder"},"extension":{},"message":"\u001b[90m> \u001b[39m   user_id: 'U001',"}}
[info] >    medicine: { {"user":"  medicine: {","metadata":{"emulator":{"name":"functions"},"function":{"name":"us-central1-placeOrder"},"extension":{},"message":"\u001b[90m> \u001b[39m   medicine: {"}}
[info] >      medicine_id: 'MED001', {"user":"    medicine_id: 'MED001',","metadata":{"emulator":{"name":"functions"},"function":{"name":"us-central1-placeOrder"},"extension":{},"message":"\u001b[90m> \u001b[39m     medicine_id: 'MED001',"}}
[info] >      prescription_required: false, {"user":"    prescription_required: false,","metadata":{"emulator":{"name":"functions"},"function":{"name":"us-central1-placeOrder"},"extension":{},"message":"\u001b[90m> \u001b[39m     prescription_required: false,"}}
[info] >      stock_quantity: 100 {"user":"    stock_quantity: 100","metadata":{"emulator":{"name":"functions"},"function":{"name":"us-central1-placeOrder"},"extension":{},"message":"\u001b[90m> \u001b[39m     stock_quantity: 100"}}
[info] >    }, {"user":"  },","metadata":{"emulator":{"name":"functions"},"function":{"name":"us-central1-placeOrder"},"extension":{},"message":"\u001b[90m> \u001b[39m   },"}}
[info] >    quantity: 5, {"user":"  quantity: 5,","metadata":{"emulator":{"name":"functions"},"function":{"name":"us-central1-placeOrder"},"extension":{},"message":"\u001b[90m> \u001b[39m   quantity: 5,"}}
[info] >    dosage: 1, {"user":"  dosage: 1,","metadata":{"emulator":{"name":"functions"},"function":{"name":"us-central1-placeOrder"},"extension":{},"message":"\u001b[90m> \u001b[39m   dosage: 1,"}}
[info] >    prescription_provided: false {"user":"  prescription_provided: false","metadata":{"emulator":{"name":"functions"},"function":{"name":"us-central1-placeOrder"},"extension":{},"message":"\u001b[90m> \u001b[39m   prescription_provided: false"}}
[info] >  } {"user":"}","metadata":{"emulator":{"name":"functions"},"function":{"name":"us-central1-placeOrder"},"extension":{},"message":"\u001b[90m> \u001b[39m }"}}
[info] >  STEP 3: order parsed = { {"user":"STEP 3: order parsed = {","metadata":{"emulator":{"name":"functions"},"function":{"name":"us-central1-placeOrder"},"extension":{},"message":"\u001b[90m> \u001b[39m STEP 3: order parsed = {"}}
[info] >    user_id: 'U001', {"user":"  user_id: 'U001',","metadata":{"emulator":{"name":"functions"},"function":{"name":"us-central1-placeOrder"},"extension":{},"message":"\u001b[90m> \u001b[39m   user_id: 'U001',"}}
[info] >    medicine: { {"user":"  medicine: {","metadata":{"emulator":{"name":"functions"},"function":{"name":"us-central1-placeOrder"},"extension":{},"message":"\u001b[90m> \u001b[39m   medicine: {"}}
[info] >      medicine_id: 'MED001', {"user":"    medicine_id: 'MED001',","metadata":{"emulator":{"name":"functions"},"function":{"name":"us-central1-placeOrder"},"extension":{},"message":"\u001b[90m> \u001b[39m     medicine_id: 'MED001',"}}
[info] >      prescription_required: false, {"user":"    prescription_required: false,","metadata":{"emulator":{"name":"functions"},"function":{"name":"us-central1-placeOrder"},"extension":{},"message":"\u001b[90m> \u001b[39m     prescription_required: false,"}}
[info] >      stock_quantity: 100 {"user":"    stock_quantity: 100","metadata":{"emulator":{"name":"functions"},"function":{"name":"us-central1-placeOrder"},"extension":{},"message":"\u001b[90m> \u001b[39m     stock_quantity: 100"}}
[info] >    }, {"user":"  },","metadata":{"emulator":{"name":"functions"},"function":{"name":"us-central1-placeOrder"},"extension":{},"message":"\u001b[90m> \u001b[39m   },"}}
[info] >    quantity: 5, {"user":"  quantity: 5,","metadata":{"emulator":{"name":"functions"},"function":{"name":"us-central1-placeOrder"},"extension":{},"message":"\u001b[90m> \u001b[39m   quantity: 5,"}}
[info] >    dosage: 1, {"user":"  dosage: 1,","metadata":{"emulator":{"name":"functions"},"function":{"name":"us-central1-placeOrder"},"extension":{},"message":"\u001b[90m> \u001b[39m   dosage: 1,"}}
[info] >    prescription_provided: false {"user":"  prescription_provided: false","metadata":{"emulator":{"name":"functions"},"function":{"name":"us-central1-placeOrder"},"extension":{},"message":"\u001b[90m> \u001b[39m   prescription_provided: false"}}
[info] >  } {"user":"}","metadata":{"emulator":{"name":"functions"},"function":{"name":"us-central1-placeOrder"},"extension":{},"message":"\u001b[90m> \u001b[39m }"}}
[info] >  STEP 4: validation decision = { approved: true, reason: 'Order is safe to proceed' } {"user":"STEP 4: validation decision = { approved: true, reason: 'Order is safe to proceed' }","metadata":{"emulator":{"name":"functions"},"function":{"name":"us-central1-placeOrder"},"extension":{},"message":"\u001b[90m> \u001b[39m STEP 4: validation decision = { approved: true, reason: 'Order is safe to proceed' }"}}
[info] >  STEP 5: writing to Firestore {"user":"STEP 5: writing to Firestore","metadata":{"emulator":{"name":"functions"},"function":{"name":"us-central1-placeOrder"},"extension":{},"message":"\u001b[90m> \u001b[39m STEP 5: writing to Firestore"}}
[debug] [2026-01-09T00:21:42.345Z] Jan 09, 2026 5:51:42 AM io.gapi.emulators.netty.HttpVersionRoutingHandler channelRead
INFO: Detected HTTP/2 connection.
 {"metadata":{"emulator":{"name":"firestore"},"message":"Jan 09, 2026 5:51:42 AM io.gapi.emulators.netty.HttpVersionRoutingHandler channelRead\nINFO: Detected HTTP/2 connection.\n"}}
[info] >  STEP 6: write success, id = iGN7JOU4piY4hfwv3vsO {"user":"STEP 6: write success, id = iGN7JOU4piY4hfwv3vsO","metadata":{"emulator":{"name":"functions"},"function":{"name":"us-central1-placeOrder"},"extension":{},"message":"\u001b[90m> \u001b[39m STEP 6: write success, id = iGN7JOU4piY4hfwv3vsO"}}
[debug] [2026-01-09T00:21:42.827Z] Finishing up request with event=pause {"metadata":{"emulator":{"name":"functions"},"function":{"name":"us-central1-placeOrder"},"extension":{},"message":"Finishing up request with event=pause"}}
[info] i  functions: Finished "us-central1-placeOrder" in 588.016496ms {"metadata":{"emulator":{"name":"functions"},"function":{"name":"us-central1-placeOrder"},"extension":{},"message":"Finished \"us-central1-placeOrder\" in 588.016496ms"}}
[debug] [2026-01-09T00:21:42.827Z] [worker-us-central1-placeOrder-ebab3a9a-58fc-4bfb-a801-a27fb8956f39]: IDLE {"metadata":{"emulator":{"name":"functions"},"function":{"name":"us-central1-placeOrder"},"extension":{},"message":"[worker-us-central1-placeOrder-ebab3a9a-58fc-4bfb-a801-a27fb8956f39]: IDLE"}}
[debug] [2026-01-09T00:21:42.827Z] Finishing up request with event=finish {"metadata":{"emulator":{"name":"functions"},"function":{"name":"us-central1-placeOrder"},"extension":{},"message":"Finishing up request with event=finish"}}
[debug] [2026-01-09T00:21:42.828Z] Finishing up request with event=close {"metadata":{"emulator":{"name":"functions"},"function":{"name":"us-central1-placeOrder"},"extension":{},"message":"Finishing up request with event=close"}}
[debug] [2026-01-09T00:21:42.828Z] [work-queue] {"queuedWork":[],"queueLength":0,"runningWork":[],"workRunningCount":0}
[debug] [2026-01-09T10:45:27.239Z] Received signal SIGHUP 1
[info]  
[info] i  emulators: Received SIGHUP for the first time. Starting a clean shutdown. 
[info] i  emulators: Please wait for a clean shutdown or send the SIGHUP signal again to stop right now. 
[info] i  emulators: Shutting down emulators. {"metadata":{"emulator":{"name":"hub"},"message":"Shutting down emulators."}}
[info] i  ui: Stopping Emulator UI {"metadata":{"emulator":{"name":"ui"},"message":"Stopping Emulator UI"}}
[info] i  extensions: Stopping Extensions Emulator {"metadata":{"emulator":{"name":"extensions"},"message":"Stopping Extensions Emulator"}}
[debug] [2026-01-09T10:45:27.244Z] [Extensions] Stopping Extensions emulator, this is a noop.
[info] i  functions: Stopping Functions Emulator {"metadata":{"emulator":{"name":"functions"},"message":"Stopping Functions Emulator"}}
[info] i  firestore: Stopping Firestore Emulator {"metadata":{"emulator":{"name":"firestore"},"message":"Stopping Firestore Emulator"}}
[debug] [2026-01-09T10:45:27.252Z] *** shutting down gRPC server since JVM is shutting down
 {"metadata":{"emulator":{"name":"firestore"},"message":"*** shutting down gRPC server since JVM is shutting down\n"}}
[debug] [2026-01-09T10:45:27.260Z] [worker-us-central1-placeOrder-ebab3a9a-58fc-4bfb-a801-a27fb8956f39]: exited {"metadata":{"emulator":{"name":"functions"},"function":{"name":"us-central1-placeOrder"},"extension":{},"message":"[worker-us-central1-placeOrder-ebab3a9a-58fc-4bfb-a801-a27fb8956f39]: exited"}}
[debug] [2026-01-09T10:45:27.261Z] [worker-us-central1-placeOrder-ebab3a9a-58fc-4bfb-a801-a27fb8956f39]: FINISHED {"metadata":{"emulator":{"name":"functions"},"function":{"name":"us-central1-placeOrder"},"extension":{},"message":"[worker-us-central1-placeOrder-ebab3a9a-58fc-4bfb-a801-a27fb8956f39]: FINISHED"}}
[debug] [2026-01-09T10:45:27.279Z] *** server shut down
 {"metadata":{"emulator":{"name":"firestore"},"message":"*** server shut down\n"}}
[info] i  eventarc: Stopping Eventarc Emulator {"metadata":{"emulator":{"name":"eventarc"},"message":"Stopping Eventarc Emulator"}}
[info] i  tasks: Stopping Cloud Tasks Emulator {"metadata":{"emulator":{"name":"tasks"},"message":"Stopping Cloud Tasks Emulator"}}
[info] i  hub: Stopping emulator hub {"metadata":{"emulator":{"name":"hub"},"message":"Stopping emulator hub"}}
[info] i  logging: Stopping Logging Emulator {"metadata":{"emulator":{"name":"logging"},"message":"Stopping Logging Emulator"}}
[debug] [2026-01-09T10:45:27.648Z] Could not find VSCode notification endpoint: FetchError: request to http://localhost:40001/vscode/notify failed, reason: connect ECONNREFUSED 127.0.0.1:40001. If you are not running the Firebase Data Connect VSCode extension, this is expected and not an issue.
[debug] [2026-01-09T10:45:32.867Z] Error: Timed out.
    at Timeout._onTimeout (/home/navya/.npm/_npx/7750544ccf494d8b/node_modules/firebase-tools/lib/utils.js:308:49)
    at listOnTimeout (node:internal/timers:588:17)
    at process.processTimers (node:internal/timers:523:7)
[error] 
[error] Error: An unexpected error has occurred.
[debug] [2026-01-09T10:45:33.145Z] Found emulator hub locator: {"version":"15.2.1","origins":["http://127.0.0.1:4400","http://[::1]:4400"],"pid":54904}
